<?xml version="1.0" encoding="UTF-8"?>
<testsuite xmlns:xsi="http://www.w3.org/2001/XMLSchema-instance" xsi:noNamespaceSchemaLocation="https://maven.apache.org/surefire/maven-surefire-plugin/xsd/surefire-test-report-3.0.xsd" version="3.0" name=": As a user, I want to view my own user information using the API" time="57.623" tests="4" errors="0" skipped="0" failures="4">
  <properties>
[...]
</properties>
  <testcase name="Decode User #1" classname=": As a user, I want to view my own user information using the API" time="30.675">
    <failure message="1 expectation failed.&#10;Expected status code &lt;200&gt; but was &lt;400&gt;.&#10;" type="java.lang.AssertionError"><![CDATA[java.lang.AssertionError: 
1 expectation failed.
Expected status code <200> but was <400>.

]]></failure>
    <system-out><![CDATA[Connecting to database...
CONNECTION SUCCESSFUL
HTTP/1.1 200 OK
Date: Mon, 31 Jul 2023 01:21:55 GMT
Server: Apache/2.4.18 (Ubuntu)
Access-Control-Allow-Origin: *
Access-Control-Expose-Headers: Content-Length, X-JSON
Access-Control-Allow-Methods: GET, POST, PATCH, PUT, DELETE, OPTIONS
Access-Control-Allow-Headers: *
Content-Length: 584
Keep-Alive: timeout=5, max=100
Connection: Keep-Alive
Content-Type: application/json; charset=utf-8

{
    "token": "eyJ0eXAiOiJKV1QiLCJhbGciOiJIUzI1NiJ9.eyJ1c2VyIjp7ImlkIjoiNTc1NyIsImZ1bGxfbmFtZSI6IlRlc3QgU3R1ZGVudCA1IiwiZW1haWwiOiJzdHVkZW50NUBsaWJyYXJ5IiwidXNlcl9ncm91cF9pZCI6IjMifSwiaWF0IjoxNjkwNzY2NTE1LCJleHAiOjE2OTMzNTg1MTV9.jQ8iDRsqopo7kkqrXUYloakVtqiUq-pQhBZr2FxJEsw",
    "redirect_uri": "//library2.cydeo.com/redirect.html?t=eyJ0eXAiOiJKV1QiLCJhbGciOiJIUzI1NiJ9.eyJ1c2VyIjp7ImlkIjoiNTc1NyIsImZ1bGxfbmFtZSI6IlRlc3QgU3R1ZGVudCA1IiwiZW1haWwiOiJzdHVkZW50NUBsaWJyYXJ5IiwidXNlcl9ncm91cF9pZCI6IjMifSwiaWF0IjoxNjkwNzY2NTE1LCJleHAiOjE2OTMzNTg1MTV9.jQ8iDRsqopo7kkqrXUYloakVtqiUq-pQhBZr2FxJEsw"
}
HTTP/1.1 400 Bad Request
Date: Mon, 31 Jul 2023 01:21:58 GMT
Server: Apache/2.4.18 (Ubuntu)
Content-Length: 319
Connection: close
Content-Type: text/html; charset=iso-8859-1

<html>
  <head>
    <title>400 Bad Request</title>
  </head>
  <body>
    <h1>Bad Request</h1>
    <p>
Your browser sent a request that this server could not understand.      <br clear="none"/>
    </p>
    <hr/>
    <address>Apache/2.4.18 (Ubuntu) Server at library.cybertekschool.com Port 443</address>
  </body>
</html>
close database connection...
]]></system-out>
    <system-err><![CDATA[Starting ChromeDriver 114.0.5735.90 (386bc09e8f4f2e025eddae123f36f6263096ae49-refs/branch-heads/5735@{#1052}) on port 35897
Only local connections are allowed.
Please see https://chromedriver.chromium.org/security-considerations for suggestions on keeping ChromeDriver safe.
ChromeDriver was started successfully.
[1690766487.469][WARNING]: This version of ChromeDriver has not been tested with Chrome version 115.
Jul 30, 2023 9:21:29 PM org.openqa.selenium.remote.ProtocolHandshake createSession
INFO: Detected dialect: W3C
]]></system-err>
  </testcase>
  <testcase name="Decode User #2" classname=": As a user, I want to view my own user information using the API" time="12.083">
    <failure message="1 expectation failed.&#10;Expected status code &lt;200&gt; but was &lt;400&gt;.&#10;" type="java.lang.AssertionError"><![CDATA[java.lang.AssertionError: 
1 expectation failed.
Expected status code <200> but was <400>.

]]></failure>
    <system-out><![CDATA[Connecting to database...
CONNECTION SUCCESSFUL
HTTP/1.1 200 OK
Date: Mon, 31 Jul 2023 01:22:14 GMT
Server: Apache/2.4.18 (Ubuntu)
Access-Control-Allow-Origin: *
Access-Control-Expose-Headers: Content-Length, X-JSON
Access-Control-Allow-Methods: GET, POST, PATCH, PUT, DELETE, OPTIONS
Access-Control-Allow-Headers: *
Content-Length: 600
Keep-Alive: timeout=5, max=100
Connection: Keep-Alive
Content-Type: application/json; charset=utf-8

{
    "token": "eyJ0eXAiOiJKV1QiLCJhbGciOiJIUzI1NiJ9.eyJ1c2VyIjp7ImlkIjoiNTgyMiIsImZ1bGxfbmFtZSI6IlRlc3QgTGlicmFyaWFuIDEwIiwiZW1haWwiOiJsaWJyYXJpYW4xMEBsaWJyYXJ5IiwidXNlcl9ncm91cF9pZCI6IjIifSwiaWF0IjoxNjkwNzY2NTM0LCJleHAiOjE2OTMzNTg1MzR9.YerXiSffzx5QzMQM_KhiUysMUdoeNstqlDnPSeAYWrU",
    "redirect_uri": "//library2.cydeo.com/redirect.html?t=eyJ0eXAiOiJKV1QiLCJhbGciOiJIUzI1NiJ9.eyJ1c2VyIjp7ImlkIjoiNTgyMiIsImZ1bGxfbmFtZSI6IlRlc3QgTGlicmFyaWFuIDEwIiwiZW1haWwiOiJsaWJyYXJpYW4xMEBsaWJyYXJ5IiwidXNlcl9ncm91cF9pZCI6IjIifSwiaWF0IjoxNjkwNzY2NTM0LCJleHAiOjE2OTMzNTg1MzR9.YerXiSffzx5QzMQM_KhiUysMUdoeNstqlDnPSeAYWrU"
}
HTTP/1.1 400 Bad Request
Date: Mon, 31 Jul 2023 01:22:14 GMT
Server: Apache/2.4.18 (Ubuntu)
Content-Length: 319
Connection: close
Content-Type: text/html; charset=iso-8859-1

<html>
  <head>
    <title>400 Bad Request</title>
  </head>
  <body>
    <h1>Bad Request</h1>
    <p>
Your browser sent a request that this server could not understand.      <br clear="none"/>
    </p>
    <hr/>
    <address>Apache/2.4.18 (Ubuntu) Server at library.cybertekschool.com Port 443</address>
  </body>
</html>
close database connection...
]]></system-out>
    <system-err><![CDATA[Starting ChromeDriver 114.0.5735.90 (386bc09e8f4f2e025eddae123f36f6263096ae49-refs/branch-heads/5735@{#1052}) on port 3732
Only local connections are allowed.
Please see https://chromedriver.chromium.org/security-considerations for suggestions on keeping ChromeDriver safe.
ChromeDriver was started successfully.
[1690766516.737][WARNING]: This version of ChromeDriver has not been tested with Chrome version 115.
Jul 30, 2023 9:21:57 PM org.openqa.selenium.remote.ProtocolHandshake createSession
INFO: Detected dialect: W3C
]]></system-err>
  </testcase>
  <testcase name="Decode User #3" classname=": As a user, I want to view my own user information using the API" time="7.579">
    <failure message="1 expectation failed.&#10;Expected status code &lt;200&gt; but was &lt;400&gt;.&#10;" type="java.lang.AssertionError"><![CDATA[java.lang.AssertionError: 
1 expectation failed.
Expected status code <200> but was <400>.

]]></failure>
    <system-out><![CDATA[Connecting to database...
CONNECTION SUCCESSFUL
HTTP/1.1 200 OK
Date: Mon, 31 Jul 2023 01:22:23 GMT
Server: Apache/2.4.18 (Ubuntu)
Access-Control-Allow-Origin: *
Access-Control-Expose-Headers: Content-Length, X-JSON
Access-Control-Allow-Methods: GET, POST, PATCH, PUT, DELETE, OPTIONS
Access-Control-Allow-Headers: *
Content-Length: 590
Keep-Alive: timeout=5, max=100
Connection: Keep-Alive
Content-Type: application/json; charset=utf-8

{
    "token": "eyJ0eXAiOiJKV1QiLCJhbGciOiJIUzI1NiJ9.eyJ1c2VyIjp7ImlkIjoiNTc2MiIsImZ1bGxfbmFtZSI6IlRlc3QgU3R1ZGVudCAxMCIsImVtYWlsIjoic3R1ZGVudDEwQGxpYnJhcnkiLCJ1c2VyX2dyb3VwX2lkIjoiMyJ9LCJpYXQiOjE2OTA3NjY1NDMsImV4cCI6MTY5MzM1ODU0M30.21ENXk8PVzM5Tfidd0Mc079IoAieQtsiAkaBLDPUzFU",
    "redirect_uri": "//library2.cydeo.com/redirect.html?t=eyJ0eXAiOiJKV1QiLCJhbGciOiJIUzI1NiJ9.eyJ1c2VyIjp7ImlkIjoiNTc2MiIsImZ1bGxfbmFtZSI6IlRlc3QgU3R1ZGVudCAxMCIsImVtYWlsIjoic3R1ZGVudDEwQGxpYnJhcnkiLCJ1c2VyX2dyb3VwX2lkIjoiMyJ9LCJpYXQiOjE2OTA3NjY1NDMsImV4cCI6MTY5MzM1ODU0M30.21ENXk8PVzM5Tfidd0Mc079IoAieQtsiAkaBLDPUzFU"
}
HTTP/1.1 400 Bad Request
Date: Mon, 31 Jul 2023 01:22:23 GMT
Server: Apache/2.4.18 (Ubuntu)
Content-Length: 319
Connection: close
Content-Type: text/html; charset=iso-8859-1

<html>
  <head>
    <title>400 Bad Request</title>
  </head>
  <body>
    <h1>Bad Request</h1>
    <p>
Your browser sent a request that this server could not understand.      <br clear="none"/>
    </p>
    <hr/>
    <address>Apache/2.4.18 (Ubuntu) Server at library.cybertekschool.com Port 443</address>
  </body>
</html>
close database connection...
]]></system-out>
    <system-err><![CDATA[Starting ChromeDriver 114.0.5735.90 (386bc09e8f4f2e025eddae123f36f6263096ae49-refs/branch-heads/5735@{#1052}) on port 33643
Only local connections are allowed.
Please see https://chromedriver.chromium.org/security-considerations for suggestions on keeping ChromeDriver safe.
ChromeDriver was started successfully.
[1690766527.218][WARNING]: This version of ChromeDriver has not been tested with Chrome version 115.
Jul 30, 2023 9:22:07 PM org.openqa.selenium.remote.ProtocolHandshake createSession
INFO: Detected dialect: W3C
]]></system-err>
  </testcase>
  <testcase name="Decode User #4" classname=": As a user, I want to view my own user information using the API" time="7.283">
    <failure message="1 expectation failed.&#10;Expected status code &lt;200&gt; but was &lt;400&gt;.&#10;" type="java.lang.AssertionError"><![CDATA[java.lang.AssertionError: 
1 expectation failed.
Expected status code <200> but was <400>.

]]></failure>
    <system-out><![CDATA[Connecting to database...
CONNECTION SUCCESSFUL
HTTP/1.1 200 OK
Date: Mon, 31 Jul 2023 01:22:30 GMT
Server: Apache/2.4.18 (Ubuntu)
Access-Control-Allow-Origin: *
Access-Control-Expose-Headers: Content-Length, X-JSON
Access-Control-Allow-Methods: GET, POST, PATCH, PUT, DELETE, OPTIONS
Access-Control-Allow-Headers: *
Content-Length: 600
Keep-Alive: timeout=5, max=100
Connection: Keep-Alive
Content-Type: application/json; charset=utf-8

{
    "token": "eyJ0eXAiOiJKV1QiLCJhbGciOiJIUzI1NiJ9.eyJ1c2VyIjp7ImlkIjoiNTgyNSIsImZ1bGxfbmFtZSI6IlRlc3QgTGlicmFyaWFuIDEzIiwiZW1haWwiOiJsaWJyYXJpYW4xM0BsaWJyYXJ5IiwidXNlcl9ncm91cF9pZCI6IjIifSwiaWF0IjoxNjkwNzY2NTUwLCJleHAiOjE2OTMzNTg1NTB9.P3SCQURtViuCb4hiLnn7ZwrxOof8oxpQ1t1UIzIhrxU",
    "redirect_uri": "//library2.cydeo.com/redirect.html?t=eyJ0eXAiOiJKV1QiLCJhbGciOiJIUzI1NiJ9.eyJ1c2VyIjp7ImlkIjoiNTgyNSIsImZ1bGxfbmFtZSI6IlRlc3QgTGlicmFyaWFuIDEzIiwiZW1haWwiOiJsaWJyYXJpYW4xM0BsaWJyYXJ5IiwidXNlcl9ncm91cF9pZCI6IjIifSwiaWF0IjoxNjkwNzY2NTUwLCJleHAiOjE2OTMzNTg1NTB9.P3SCQURtViuCb4hiLnn7ZwrxOof8oxpQ1t1UIzIhrxU"
}
HTTP/1.1 400 Bad Request
Date: Mon, 31 Jul 2023 01:22:31 GMT
Server: Apache/2.4.18 (Ubuntu)
Content-Length: 319
Connection: close
Content-Type: text/html; charset=iso-8859-1

<html>
  <head>
    <title>400 Bad Request</title>
  </head>
  <body>
    <h1>Bad Request</h1>
    <p>
Your browser sent a request that this server could not understand.      <br clear="none"/>
    </p>
    <hr/>
    <address>Apache/2.4.18 (Ubuntu) Server at library.cybertekschool.com Port 443</address>
  </body>
</html>
close database connection...
]]></system-out>
    <system-err><![CDATA[Starting ChromeDriver 114.0.5735.90 (386bc09e8f4f2e025eddae123f36f6263096ae49-refs/branch-heads/5735@{#1052}) on port 15584
Only local connections are allowed.
Please see https://chromedriver.chromium.org/security-considerations for suggestions on keeping ChromeDriver safe.
ChromeDriver was started successfully.
[1690766534.146][WARNING]: This version of ChromeDriver has not been tested with Chrome version 115.
Jul 30, 2023 9:22:14 PM org.openqa.selenium.remote.ProtocolHandshake createSession
INFO: Detected dialect: W3C
]]></system-err>
  </testcase>
</testsuite>