<?xml version="1.0" encoding="UTF-8"?>
<testsuite xmlns:xsi="http://www.w3.org/2001/XMLSchema-instance" xsi:noNamespaceSchemaLocation="https://maven.apache.org/surefire/maven-surefire-plugin/xsd/surefire-test-report-3.0.xsd" version="3.0" name="As a librarian, I want to retrieve all users" time="29.919" tests="1" errors="0" skipped="0" failures="0">
  <properties>
[...]
</properties>
  <testcase name="Retrieve all users from the API endpoint" classname="As a librarian, I want to retrieve all users" time="29.919">
    <system-out><![CDATA[HTTP/1.1 200 OK
Date: Sun, 30 Jul 2023 15:32:39 GMT
Server: Apache/2.4.18 (Ubuntu)
Access-Control-Allow-Origin: *
Access-Control-Expose-Headers: Content-Length, X-JSON
Access-Control-Allow-Methods: GET, POST, PATCH, PUT, DELETE, OPTIONS
Access-Control-Allow-Headers: *
Content-Length: 600
Keep-Alive: timeout=5, max=100
Connection: Keep-Alive
Content-Type: application/json; charset=utf-8

{
    "token": "eyJ0eXAiOiJKV1QiLCJhbGciOiJIUzI1NiJ9.eyJ1c2VyIjp7ImlkIjoiNTgyMiIsImZ1bGxfbmFtZSI6IlRlc3QgTGlicmFyaWFuIDEwIiwiZW1haWwiOiJsaWJyYXJpYW4xMEBsaWJyYXJ5IiwidXNlcl9ncm91cF9pZCI6IjIifSwiaWF0IjoxNjkwNzMxMTU5LCJleHAiOjE2OTMzMjMxNTl9.CNxH3lWjmKEQQgRtuOMUQx5vqpmrC_Vg42P7kRzxYmo",
    "redirect_uri": "//library2.cydeo.com/redirect.html?t=eyJ0eXAiOiJKV1QiLCJhbGciOiJIUzI1NiJ9.eyJ1c2VyIjp7ImlkIjoiNTgyMiIsImZ1bGxfbmFtZSI6IlRlc3QgTGlicmFyaWFuIDEwIiwiZW1haWwiOiJsaWJyYXJpYW4xMEBsaWJyYXJ5IiwidXNlcl9ncm91cF9pZCI6IjIifSwiaWF0IjoxNjkwNzMxMTU5LCJleHAiOjE2OTMzMjMxNTl9.CNxH3lWjmKEQQgRtuOMUQx5vqpmrC_Vg42P7kRzxYmo"
}
Request URI:	https://library2.cydeo.com/rest/v1/get_all_users
HTTP/1.1 200 OK
Date: Sun, 30 Jul 2023 15:32:42 GMT
Server: Apache/2.4.18 (Ubuntu)
Access-Control-Allow-Origin: *
Access-Control-Expose-Headers: Content-Length, X-JSON
Access-Control-Allow-Methods: GET, POST, PATCH, PUT, DELETE, OPTIONS
Access-Control-Allow-Headers: *
Content-Length: 108887
Keep-Alive: timeout=5, max=100
Connection: Keep-Alive
Content-Type: application/json; charset=utf-8

[
    {
        "id": "1",
        "name": "Admin"
    },
    {
        "id": "5734",
        "name": "Berniece Altenwerth"
    },
    {
        "id": "5735",
        "name": "Lamar Littel"
    },
    {
        "id": "5736",
        "name": "Freddy Walsh"
    },
    {
        "id": "5737",
        "name": "Dr. Joseph Tremblay"
    },
    {
        "id": "5738",
        "name": "Simona Bartell"
    },
    {
        "id": "5739",
        "name": "Ginette Becker"
    },
    {
        "id": "5740",
        "name": "Dreama Swaniawski Sr."
    },
    {
        "id": "5741",
        "name": "Shavon Hane"
    },
    {
        "id": "5742",
        "name": "Tenesha O'Conner"
    },
    {
        "id": "5743",
        "name": "Dr. Jesse Kling"
    },
    {
        "id": "5744",
        "name": "Muoi Yost"
    },
    {
        "id": "5745",
        "name": "Shannon O'Kon "
    },
    {
        "id": "5746",
        "name": "Porsha Muller MD"
    },
    {
        "id": "5747",
        "name": "Gabrielle Shanahan"
    },
    {
        "id": "5748",
        "name": "Mazie Fay"
    },
    {
        "id": "5749",
        "name": "Russel Runte"
    },
    {
        "id": "5750",
        "name": "Dania Trantow"
    },
    {
        "id": "5751",
        "name": "Emanuel Weimann"
    },
    {
        "id": "5752",
        "name": "Brittaney Koch"
    },
    {
        "id": "5753",
        "name": "Test Student 1"
    },
    {
        "id": "5754",
        "name": "Test Student 2"
    },
    {
        "id": "5755",
        "name": "Test Student 3"
    },
    {
        "id": "5756",
        "name": "Test Student 4"
    },
    {
        "id": "5757",
        "name": "Test Student 5"
    },
    {
        "id": "5758",
        "name": "Test Student 6"
    },
    {
        "id": "5759",
        "name": "Test Student 7"
    },
    {
        "id": "5760",
        "name": "Test Student 8"
    },
    {
        "id": "5761",
        "name": "Test Student 9"
    },
    {
        "id": "5762",
        "name": "Test Student 10"
    },
    {
        "id": "5763",
        "name": "Test Student 11"
    },
    {
        "id": "5764",
        "name": "Test Student 12"
    },
    {
        "id": "5765",
        "name": "Test Student 13"
    },
    {
        "id": "5766",
        "name": "Test Student 14"
    },
    {
        "id": "5767",
        "name": "Test Student 15"
    },
    {
        "id": "5768",
        "name": "Test Student 16"
    },
    {
        "id": "5769",
        "name": "Test Student 17"
    },
    {
        "id": "5770",
        "name": "Test Student 18"
    },
    {
        "id": "5771",
        "name": "Test Student 19"
    },
    {
        "id": "5772",
        "name": "Test Student 20"
    },
    {
        "id": "5773",
        "name": "Test Student 21"
    },
    {
        "id": "5774",
        "name": "Test Student 22"
    },
    {
        "id": "5775",
        "name": "Test Student 23"
    },
    {
        "id": "5776",
        "name": "Test Student 24"
    },
    {
        "id": "5777",
        "name": "Test Student 25"
    },
    {
        "id": "5778",
        "name": "Test Student 26"
    },
    {
        "id": "5779",
        "name": "Test Student 27"
    },
    {
        "id": "5780",
        "name": "Test Student 28"
    },
    {
        "id": "5781",
        "name": "Test Student 29"
    },
    {
        "id": "5782",
        "name": "Test Student 30"
    },
    {
        "id": "5783",
        "name": "Test Student 31"
    },
    {
        "id": "5784",
        "name": "Test Student 32"
    },
    {
        "id": "5785",
        "name": "Test Student 33"
    },
    {
        "id": "5786",
        "name": "Test Student 34"
    },
    {
        "id": "5787",
        "name": "Test Student 35"
    },
    {
        "id": "5788",
        "name": "Test Student 36"
    },
    {
        "id": "5789",
        "name": "Test Student 37"
    },
    {
        "id": "5790",
        "name": "Test Student 38"
    },
    {
        "id": "5791",
        "name": "Test Student 39"
    },
    {
        "id": "5792",
        "name": "Test Student 40"
    },
    {
        "id": "5793",
        "name": "Test Student 41"
    },
    {
        "id": "5794",
        "name": "Test Student 42"
    },
    {
        "id": "5795",
        "name": "Test Student 43"
    },
    {
        "id": "5796",
        "name": "Test Student 44"
    },
    {
        "id": "5797",
        "name": "Test Student 45"
    },
    {
        "id": "5798",
        "name": "Test Student 46"
    },
    {
        "id": "5799",
        "name": "Test Student 47"
    },
    {
        "id": "5800",
        "name": "Test Student 48"
    },
    {
        "id": "5801",
        "name": "Test Student 49"
    },
    {
        "id": "5802",
        "name": "Test Student 50"
    },
    {
        "id": "5803",
        "name": "Test Student 51"
    },
    {
        "id": "5804",
        "name": "Test Student 52"
    },
    {
        "id": "5805",
        "name": "Test Student 53"
    },
    {
        "id": "5806",
        "name": "Test Student 54"
    },
    {
        "id": "5807",
        "name": "Test Student 55"
    },
    {
        "id": "5808",
        "name": "Test Student 56"
    },
    {
        "id": "5809",
        "name": "Test Student 57"
    },
    {
        "id": "5810",
        "name": "Test Student 58"
    },
    {
        "id": "5811",
        "name": "Test Student 59"
    },
    {
        "id": "5812",
        "name": "Test Student 60"
    },
    {
        "id": "5813",
        "name": "Test Librarian 1"
    },
    {
        "id": "5814",
        "name": "Test Librarian 2"
    },
    {
        "id": "5815",
        "name": "Test Librarian 3"
    },
    {
        "id": "5816",
        "name": "Test Librarian 4"
    },
    {
        "id": "5817",
        "name": "Test Librarian 5"
    },
    {
        "id": "5818",
        "name": "Test Librarian 6"
    },
    {
        "id": "5819",
        "name": "Test Librarian 7"
    },
    {
        "id": "5820",
        "name": "Test Librarian 8"
    },
    {
        "id": "5821",
        "name": "Test Librarian 9"
    },
    {
        "id": "5822",
        "name": "Test Librarian 10"
    },
    {
        "id": "5823",
        "name": "Test Librarian 11"
    },
    {
        "id": "5824",
        "name": "Test Librarian 12"
    },
    {
        "id": "5825",
        "name": "Test Librarian 13"
    },
    {
        "id": "5826",
        "name": "Test Librarian 14"
    },
    {
        "id": "5827",
        "name": "Test Librarian 15"
    },
    {
        "id": "5828",
        "name": "Test Librarian 16"
    },
    {
        "id": "5829",
        "name": "Test Librarian 17"
    },
    {
        "id": "5830",
        "name": "Test Librarian 18"
    },
    {
        "id": "5831",
        "name": "Test Librarian 19"
    },
    {
        "id": "5832",
        "name": "Test Librarian 20"
    },
    {
        "id": "5833",
        "name": "Test Librarian 21"
    },
    {
        "id": "5834",
        "name": "Test Librarian 22"
    },
    {
        "id": "5835",
        "name": "Test Librarian 23"
    },
    {
        "id": "5836",
        "name": "Test Librarian 24"
    },
    {
        "id": "5837",
        "name": "Test Librarian 25"
    },
    {
        "id": "5838",
        "name": "Test Librarian 26"
    },
    {
        "id": "5839",
        "name": "Test Librarian 27"
    },
    {
        "id": "5840",
        "name": "Test Librarian 28"
    },
    {
        "id": "5841",
        "name": "Test Librarian 29"
    },
    {
        "id": "5842",
        "name": "Test Librarian 30"
    },
    {
        "id": "5843",
        "name": "Test Librarian 31"
    },
    {
        "id": "5844",
        "name": "Test Librarian 32"
    },
    {
        "id": "5845",
        "name": "Test Librarian 33"
    },
    {
        "id": "5846",
        "name": "Test Librarian 34"
    },
    {
        "id": "5847",
        "name": "Test Librarian 35"
    },
    {
        "id": "5848",
        "name": "Test Librarian 36"
    },
    {
        "id": "5849",
        "name": "Test Librarian 37"
    },
    {
        "id": "5850",
        "name": "Test Librarian 38"
    },
    {
        "id": "5851",
        "name": "Test Librarian 39"
    },
    {
        "id": "5852",
        "name": "Test Librarian 40"
    },
    {
        "id": "5853",
        "name": "Test Librarian 41"
    },
    {
        "id": "5854",
        "name": "Test Librarian 42"
    },
    {
        "id": "5855",
        "name": "Test Librarian 43"
    },
    {
        "id": "5856",
        "name": "Test Librarian 44"
    },
    {
        "id": "5857",
        "name": "Test Librarian 45"
    },
    {
        "id": "5858",
        "name": "Test Librarian 46"
    },
    {
        "id": "5859",
        "name": "Test Librarian 47"
    },
    {
        "id": "5860",
        "name": "Test Librarian 48"
    },
    {
        "id": "5861",
        "name": "Test Librarian 49"
    },
    {
        "id": "5862",
        "name": "Test Librarian 50"
    },
    {
        "id": "5863",
        "name": "Test Librarian 51"
    },
    {
        "id": "5864",
        "name": "Test Librarian 52"
    },
    {
        "id": "5865",
        "name": "Test Librarian 53"
    },
    {
        "id": "5866",
        "name": "Test Librarian 54"
    },
    {
        "id": "5867",
        "name": "Test Librarian 55"
    },
    {
        "id": "5868",
        "name": "Test Librarian 56"
    },
    {
        "id": "5869",
        "name": "Test Librarian 57"
    },
    {
        "id": "5870",
        "name": "Test Librarian 58"
    },
    {
        "id": "5871",
        "name": "Test Librarian 59"
    },
    {
        "id": "5872",
        "name": "Test Librarian 60"
    },
    {
        "id": "5873",
        "name": "32121"
    },
    {
        "id": "5874",
        "name": "Ahmet"
    },
    {
        "id": "5875",
        "name": "Manas Kalenov"
    },
    {
        "id": "5876",
        "name": "Chuck Norris"
    },
    {
        "id": "5877",
        "name": "Crissy Langosh"
    },
    {
        "id": "5878",
        "name": "Arlie Walter"
    },
    {
        "id": "5879",
        "name": "Igor Korpak"
    },
    {
        "id": "5880",
        "name": "Ratko Mladic"
    },
    {
        "id": "5881",
        "name": "Igor Korpak"
    },
    {
        "id": "5882",
        "name": "sac"
    },
    {
        "id": "5883",
        "name": "Igor Korpak"
    },
    {
        "id": "5884",
        "name": "assa"
    },
    {
        "id": "5885",
        "name": "Providencia Schinner"
    },
    {
        "id": "5886",
        "name": "Ms. Nigel Strosin"
    },
    {
        "id": "5887",
        "name": "Elfreda Stanton"
    },
    {
        "id": "5888",
        "name": "Marshall VonRueden DDS"
    },
    {
        "id": "5889",
        "name": "Merrill Durgan"
    },
    {
        "id": "5890",
        "name": "Oliver Hammes"
    },
    {
        "id": "5891",
        "name": "Sherill Bayer"
    },
    {
        "id": "5892",
        "name": "Tyree Stehr"
    },
    {
        "id": "5893",
        "name": "Sandy Leffler"
    },
    {
        "id": "5894",
        "name": "Mr. Harvey Schamberger"
    },
    {
        "id": "5895",
        "name": "Hiedi Pagac"
    },
    {
        "id": "5896",
        "name": "Yuriko McCullough"
    },
    {
        "id": "5897",
        "name": "Mrs. Sage Green"
    },
    {
        "id": "5898",
        "name": "Darrel Wiegand PhD"
    },
    {
        "id": "5899",
        "name": "Lanny VonRueden"
    },
    {
        "id": "5900",
        "name": "Al Harvey"
    },
    {
        "id": "5901",
        "name": "Collin Kris"
    },
    {
        "id": "5902",
        "name": "Lane Weber"
    },
    {
        "id": "5903",
        "name": "Desiree King"
    },
    {
        "id": "5904",
        "name": "Mervin Schulist"
    },
    {
        "id": "5905",
        "name": "dasdasdasdas"
    },
    {
        "id": "5906",
        "name": "s"
    },
    {
        "id": "5907",
        "name": "fsdfsdf"
    },
    {
        "id": "5908",
        "name": "test"
    },
    {
        "id": "5909",
        "name": "teest"
    },
    {
        "id": "5910",
        "name": "Ms. Renee Gislason"
    },
    {
        "id": "5911",
        "name": "Yunis Nabiyev"
    },
    {
        "id": "5912",
        "name": "Amy"
    },
    {
        "id": "5913",
        "name": "asdfasdf"
    },
    {
        "id": "5914",
        "name": "asdfsdfasdfasdf"
    },
    {
        "id": "5915",
        "name": "asdfasdf"
    },
    {
        "id": "5916",
        "name": "sdfasdf"
    },
    {
        "id": "5917",
        "name": "asdf"
    },
    {
        "id": "5918",
        "name": "asdffffffffff"
    },
    {
        "id": "5919",
        "name": "sdafsdfasdf"
    },
    {
        "id": "5920",
        "name": "James Wallace"
    },
    {
        "id": "5921",
        "name": "q"
    },
    {
        "id": "5922",
        "name": "a"
    },
    {
        "id": "5923",
        "name": "qwe"
    },
    {
        "id": "5924",
        "name": "123"
    },
    {
        "id": "5925",
        "name": "Gladys C. Hughes"
    },
    {
        "id": "5926",
        "name": "12312342"
    },
    {
        "id": "5927",
        "name": "Morey Bund"
    },
    {
        "id": "5928",
        "name": "AloninaOlga"
    },
    {
        "id": "5929",
        "name": "Alex"
    },
    {
        "id": "5930",
        "name": "dan"
    },
    {
        "id": "5932",
        "name": "catch"
    },
    {
        "id": "5934",
        "name": "aa"
    },
    {
        "id": "5936",
        "name": "olga alonina"
    },
    {
        "id": "5938",
        "name": "astelavista"
    },
    {
        "id": "5939",
        "name": "bob"
    },
    {
        "id": "5940",
        "name": "kajsdfh"
    },
    {
        "id": "5941",
        "name": "Joe King"
    },
    {
        "id": "5942",
        "name": "zarina "
    },
    {
        "id": "5943",
        "name": "Bob"
    },
    {
        "id": "5944",
        "name": "Joe Biden"
    },
    {
        "id": "5945",
        "name": "Donald Trump"
    },
    {
        "id": "5946",
        "name": "unknown unknown"
    },
    {
        "id": "5947",
        "name": "John Smith"
    },
    {
        "id": "5948",
        "name": "James Brown"
    },
    {
        "id": "5949",
        "name": "Ladonna Dicki"
    },
    {
        "id": "5950",
        "name": "asas"
    },
    {
        "id": "5951",
        "name": "Mr. Weston Bradtke"
    },
    {
        "id": "5952",
        "name": "Carolyn Rosenbaum"
    },
    {
        "id": "5953",
        "name": "Kala Windler"
    },
    {
        "id": "5954",
        "name": "Maximina Ritchie"
    },
    {
        "id": "5955",
        "name": "Quinn Rice"
    },
    {
        "id": "5956",
        "name": "First Last"
    },
    {
        "id": "5957",
        "name": "Teodoro Herzog Sr."
    },
    {
        "id": "5958",
        "name": "Numbers D'Amore"
    },
    {
        "id": "5959",
        "name": "First Last"
    },
    {
        "id": "5960",
        "name": "Walker Mayer"
    },
    {
        "id": "5961",
        "name": "Miss Ela Baumbach"
    },
    {
        "id": "5962",
        "name": "John smith"
    },
    {
        "id": "5963",
        "name": "Anton Dem"
    },
    {
        "id": "5964",
        "name": "Alexey Pak"
    },
    {
        "id": "5965",
        "name": "Florencio Skiles"
    },
    {
        "id": "5966",
        "name": "Jason Smith"
    },
    {
        "id": "5967",
        "name": "james bond"
    },
    {
        "id": "5968",
        "name": "jbond2"
    },
    {
        "id": "5969",
        "name": "Mrs. Terrell Schneider"
    },
    {
        "id": "5970",
        "name": "Test Test"
    },
    {
        "id": "5971",
        "name": "G25_TestUser"
    },
    {
        "id": "5972",
        "name": "Test Test"
    },
    {
        "id": "5973",
        "name": "Test Test"
    },
    {
        "id": "5974",
        "name": "aa"
    },
    {
        "id": "5976",
        "name": "aa"
    },
    {
        "id": "5978",
        "name": "Betsey Hodkiewicz"
    },
    {
        "id": "5979",
        "name": "Dane Mraz"
    },
    {
        "id": "5980",
        "name": "Lise Moore"
    },
    {
        "id": "5981",
        "name": "Volodymyr Zelenksky"
    },
    {
        "id": "5982",
        "name": "Emil G1"
    },
    {
        "id": "5983",
        "name": "Alexandra P"
    },
    {
        "id": "5984",
        "name": "Cheryl Gislason"
    },
    {
        "id": "5985",
        "name": "vhgh"
    },
    {
        "id": "5986",
        "name": "vhgh"
    },
    {
        "id": "5987",
        "name": "hfsh"
    },
    {
        "id": "5988",
        "name": "ads"
    },
    {
        "id": "5989",
        "name": "ada"
    },
    {
        "id": "5990",
        "name": "fsf"
    },
    {
        "id": "5991",
        "name": "alex"
    },
    {
        "id": "5993",
        "name": "helen"
    },
    {
        "id": "5995",
        "name": "dd"
    },
    {
        "id": "5996",
        "name": "Dr. Mable MacGyver"
    },
    {
        "id": "5997",
        "name": "Tai Dicki I"
    },
    {
        "id": "5998",
        "name": "Neville Quigley"
    },
    {
        "id": "5999",
        "name": "anass"
    },
    {
        "id": "6000",
        "name": "Ruben Leffler"
    },
    {
        "id": "6001",
        "name": "Arianne Waelchi"
    },
    {
        "id": "6002",
        "name": "anass"
    },
    {
        "id": "6003",
        "name": "Korey McKenzie"
    },
    {
        "id": "6004",
        "name": "Ms. Tobias Bode"
    },
    {
        "id": "6005",
        "name": "Joann Smith"
    },
    {
        "id": "6006",
        "name": "Maria"
    },
    {
        "id": "6007",
        "name": "Hanna Kara"
    },
    {
        "id": "6008",
        "name": "James Bond"
    },
    {
        "id": "6009",
        "name": "G25_TestUser"
    },
    {
        "id": "6010",
        "name": "G25_TestUser"
    },
    {
        "id": "6011",
        "name": "G25_TestUser"
    },
    {
        "id": "6012",
        "name": "G25_TestUser"
    },
    {
        "id": "6013",
        "name": "G25_TestUser"
    },
    {
        "id": "6014",
        "name": "G25_TestUser"
    },
    {
        "id": "6015",
        "name": "G25_TestUser"
    },
    {
        "id": "6016",
        "name": "G25_TestUser"
    },
    {
        "id": "6017",
        "name": "G25_TestUser"
    },
    {
        "id": "6018",
        "name": "G25_TestUser"
    },
    {
        "id": "6019",
        "name": "G25_TestUser"
    },
    {
        "id": "6020",
        "name": "G25_TestUser"
    },
    {
        "id": "6021",
        "name": "G25_TestUser"
    },
    {
        "id": "6022",
        "name": "G25_TestUser"
    },
    {
        "id": "6023",
        "name": "G25_TestUser"
    },
    {
        "id": "6024",
        "name": "G25_TestUser"
    },
    {
        "id": "6025",
        "name": "G25_TestUser"
    },
    {
        "id": "6026",
        "name": "John Sway"
    },
    {
        "id": "6027",
        "name": "James Band"
    },
    {
        "id": "6028",
        "name": "Jamel Band"
    },
    {
        "id": "6029",
        "name": "Simon Kalt"
    },
    {
        "id": "6030",
        "name": "Sam Samuel"
    },
    {
        "id": "6031",
        "name": "Ram Roler"
    },
    {
        "id": "6032",
        "name": "Ramos Rain"
    },
    {
        "id": "6033",
        "name": "Jemal Band"
    },
    {
        "id": "6034",
        "name": "Jarrod Blake"
    },
    {
        "id": "6035",
        "name": "Cemil Band"
    },
    {
        "id": "6036",
        "name": "Seniye Erdinc Kaya"
    },
    {
        "id": "6037",
        "name": "Milla Nuro"
    },
    {
        "id": "6038",
        "name": "Pat Harris"
    },
    {
        "id": "6039",
        "name": "John Snow"
    },
    {
        "id": "6040",
        "name": "John Doe"
    },
    {
        "id": "6041",
        "name": "Sheireen Stone"
    },
    {
        "id": "6042",
        "name": "James Johns"
    },
    {
        "id": "6043",
        "name": "Sam Simon"
    },
    {
        "id": "6044",
        "name": "Gabe More"
    },
    {
        "id": "6045",
        "name": "Melissa Rose"
    },
    {
        "id": "6046",
        "name": "Mila Rose"
    },
    {
        "id": "6047",
        "name": "Chaya Macejkovic"
    },
    {
        "id": "6048",
        "name": "Ms. Will Flatley"
    },
    {
        "id": "6049",
        "name": "Earline Wolf"
    },
    {
        "id": "6050",
        "name": "Ms. Rufina Bailey"
    },
    {
        "id": "6051",
        "name": "Cat Crab"
    },
    {
        "id": "6052",
        "name": "Tom Kohler"
    },
    {
        "id": "6053",
        "name": "G25_TestUser"
    },
    {
        "id": "6054",
        "name": "G25_TestUser"
    },
    {
        "id": "6055",
        "name": "umut"
    },
    {
        "id": "6056",
        "name": "umut"
    },
    {
        "id": "6057",
        "name": "fgfd"
    },
    {
        "id": "6058",
        "name": "umut"
    },
    {
        "id": "6059",
        "name": "Mala Rose"
    },
    {
        "id": "6060",
        "name": "John"
    },
    {
        "id": "6061",
        "name": "John"
    },
    {
        "id": "6062",
        "name": "agfqvqfq"
    },
    {
        "id": "6063",
        "name": "agfqvqfq"
    },
    {
        "id": "6064",
        "name": "fs"
    },
    {
        "id": "6065",
        "name": "ds"
    },
    {
        "id": "6066",
        "name": "dcdsd"
    },
    {
        "id": "6067",
        "name": "csac"
    },
    {
        "id": "6068",
        "name": "vcsdv"
    },
    {
        "id": "6069",
        "name": "c x"
    },
    {
        "id": "6070",
        "name": "shacg@gmail.com"
    },
    {
        "id": "6071",
        "name": "James Bond"
    },
    {
        "id": "6072",
        "name": "G25_TestUser"
    },
    {
        "id": "6073",
        "name": "Miquel Sauer MD"
    },
    {
        "id": "6074",
        "name": "Clarita Lehner"
    },
    {
        "id": "6075",
        "name": "Stan Morissette"
    },
    {
        "id": "6076",
        "name": "sasssa"
    },
    {
        "id": "6077",
        "name": "sasssa"
    },
    {
        "id": "6078",
        "name": "Santa Klaus2"
    },
    {
        "id": "6079",
        "name": "NadirandSanta"
    },
    {
        "id": "6080",
        "name": "Oscar Willms III"
    },
    {
        "id": "6081",
        "name": "Mr. Regenia Cassin"
    },
    {
        "id": "6082",
        "name": "Mrs. Scotty Yundt"
    },
    {
        "id": "6083",
        "name": "Mrs. Tommy Sipes"
    },
    {
        "id": "6084",
        "name": "G25_TestUser"
    },
    {
        "id": "6085",
        "name": "Raleigh Koelpin"
    },
    {
        "id": "6086",
        "name": "John Smith"
    },
    {
        "id": "6087",
        "name": "Mae Rippin"
    },
    {
        "id": "6088",
        "name": "Mr. Kiera Stark"
    },
    {
        "id": "6089",
        "name": "Nathan Jacobs"
    },
    {
        "id": "6090",
        "name": "Dr. Malcom Quitzon"
    },
    {
        "id": "6091",
        "name": "k"
    },
    {
        "id": "6092",
        "name": "Delbert Bergstrom"
    },
    {
        "id": "6093",
        "name": "Marsha Lockman MD"
    },
    {
        "id": "6094",
        "name": "Danette Steuber Sr."
    },
    {
        "id": "6095",
        "name": "Tia Haley"
    },
    {
        "id": "6096",
        "name": "Leopoldo Harber"
    },
    {
        "id": "6097",
        "name": "James Bond"
    },
    {
        "id": "6098",
        "name": "rtherh"
    },
    {
        "id": "6099",
        "name": "Jimmy Buckets"
    },
    {
        "id": "6100",
        "name": "eyh"
    },
    {
        "id": "6101",
        "name": "Radovan Karadzic"
    },
    {
        "id": "6102",
        "name": "com.github.javafaker.ChuckNorris@468dda3e"
    },
    {
        "id": "6103",
        "name": "maria"
    },
    {
        "id": "6104",
        "name": "asdf"
    },
    {
        "id": "6105",
        "name": "sdafasdf"
    },
    {
        "id": "6106",
        "name": "asdfasdf"
    },
    {
        "id": "6107",
        "name": "asdfdsf"
    },
    {
        "id": "6108",
        "name": "sdfsd"
    },
    {
        "id": "6109",
        "name": "Seniye Erdinc Kayayyu"
    },
    {
        "id": "6110",
        "name": "Seniye Erdinc Kayatryyy"
    },
    {
        "id": "6111",
        "name": "mariya"
    },
    {
        "id": "6112",
        "name": "petya"
    },
    {
        "id": "6113",
        "name": "ALEKSANDAR VUCIC"
    },
    {
        "id": "6114",
        "name": "mm"
    },
    {
        "id": "6115",
        "name": "umut"
    },
    {
        "id": "6116",
        "name": "umut"
    },
    {
        "id": "6117",
        "name": "umut"
    },
    {
        "id": "6118",
        "name": "umut"
    },
    {
        "id": "6119",
        "name": "umut"
    },
    {
        "id": "6120",
        "name": "James Bonds"
    },
    {
        "id": "6121",
        "name": "SamsoN"
    },
    {
        "id": "6122",
        "name": "Seniye Erdinc Kayaetty"
    },
    {
        "id": "6123",
        "name": "Seniye Erdi"
    },
    {
        "id": "6124",
        "name": "Kate Bond"
    },
    {
        "id": "6125",
        "name": "Mike Bond"
    },
    {
        "id": "6126",
        "name": "Rosario Treutel DVM"
    },
    {
        "id": "6127",
        "name": "Romana Heathcote"
    },
    {
        "id": "6128",
        "name": "Pierre Oberbrunner"
    },
    {
        "id": "6129",
        "name": "Rick&Morty"
    },
    {
        "id": "6130",
        "name": "Mike Cypher"
    },
    {
        "id": "6131",
        "name": "Seniye Er"
    },
    {
        "id": "6132",
        "name": "David Green "
    },
    {
        "id": "6133",
        "name": "Gilberto Dach"
    },
    {
        "id": "6134",
        "name": "Buford Paucek III"
    },
    {
        "id": "6135",
        "name": "Collette O'Connell"
    },
    {
        "id": "6136",
        "name": "com.github.javafaker.ChuckNorris@18578491"
    },
    {
        "id": "6137",
        "name": "student1 student0100"
    },
    {
        "id": "6138",
        "name": "G25_TestUser"
    },
    {
        "id": "6139",
        "name": "Alyce Mitchell"
    },
    {
        "id": "6140",
        "name": "Waylon Mills"
    },
    {
        "id": "6141",
        "name": "Lucille Bartell"
    },
    {
        "id": "6142",
        "name": "Emanmmomani"
    },
    {
        "id": "6143",
        "name": "EmanMomani"
    },
    {
        "id": "6144",
        "name": "Hatice"
    },
    {
        "id": "6145",
        "name": "EmanMomani"
    },
    {
        "id": "6146",
        "name": "EmanMomani"
    },
    {
        "id": "6147",
        "name": "EmanMomani"
    },
    {
        "id": "6148",
        "name": "EmanMomani"
    },
    {
        "id": "6149",
        "name": "umut"
    },
    {
        "id": "6150",
        "name": "umut"
    },
    {
        "id": "6151",
        "name": "umut"
    },
    {
        "id": "6152",
        "name": "Queen"
    },
    {
        "id": "6153",
        "name": "Kim Milano"
    },
    {
        "id": "6154",
        "name": "small"
    },
    {
        "id": "6155",
        "name": "G25_TestUser"
    },
    {
        "id": "6156",
        "name": "G25_TestUser"
    },
    {
        "id": "6157",
        "name": "Yi Fahey"
    },
    {
        "id": "6158",
        "name": "Alva Cruickshank IV"
    },
    {
        "id": "6159",
        "name": "Tia Bashirian"
    },
    {
        "id": "6160",
        "name": "Brittany Kshlerin"
    },
    {
        "id": "6161",
        "name": "Elana Yost"
    },
    {
        "id": "6162",
        "name": "Deandrea Schumm"
    },
    {
        "id": "6163",
        "name": "Torri Heller"
    },
    {
        "id": "6164",
        "name": "Lane Jacobson"
    },
    {
        "id": "6165",
        "name": "Elliott Kerluke"
    },
    {
        "id": "6166",
        "name": "Gordon Paucek"
    },
    {
        "id": "6167",
        "name": "Ms. Katherin Bashirian"
    },
    {
        "id": "6168",
        "name": "Jane Willms"
    },
    {
        "id": "6169",
        "name": "gdfgfd"
    },
    {
        "id": "6170",
        "name": "Debbi O'Kon"
    },
    {
        "id": "6171",
        "name": "Trudi Herzog"
    },
    {
        "id": "6172",
        "name": "Rory Murray"
    },
    {
        "id": "6173",
        "name": "Ms. Maurine Waters"
    },
    {
        "id": "6174",
        "name": "Hershel Hickle"
    },
    {
        "id": "6175",
        "name": "Dion Herman"
    },
    {
        "id": "6176",
        "name": "Yun Lind III"
    },
    {
        "id": "6177",
        "name": "Ryan Zieme"
    },
    {
        "id": "6178",
        "name": "Mike"
    },
    {
        "id": "6179",
        "name": "Jasper Christiansen"
    },
    {
        "id": "6180",
        "name": "Donte Ritchie PhD"
    },
    {
        "id": "6181",
        "name": "Toby O'Keefe"
    },
    {
        "id": "6182",
        "name": "Meggan Medhurst"
    },
    {
        "id": "6183",
        "name": "Albina Conroy"
    },
    {
        "id": "6184",
        "name": "Rosie Gibson DDS"
    },
    {
        "id": "6185",
        "name": "Santana Robel Jr."
    },
    {
        "id": "6186",
        "name": "Buck Kohler"
    },
    {
        "id": "6187",
        "name": "Arie Rosenbaum"
    },
    {
        "id": "6188",
        "name": "Maria Durgan III"
    },
    {
        "id": "6189",
        "name": "James Bond"
    },
    {
        "id": "6190",
        "name": "James Bond"
    },
    {
        "id": "6191",
        "name": "JB"
    },
    {
        "id": "6192",
        "name": "tech"
    },
    {
        "id": "6193",
        "name": "tech"
    },
    {
        "id": "6194",
        "name": "cydeo"
    },
    {
        "id": "6195",
        "name": "cydeo"
    },
    {
        "id": "6196",
        "name": "acbd"
    },
    {
        "id": "6197",
        "name": "James Bond"
    },
    {
        "id": "6198",
        "name": "cyde"
    },
    {
        "id": "6199",
        "name": "cyde012"
    },
    {
        "id": "6200",
        "name": "cyde0123"
    },
    {
        "id": "6201",
        "name": "Rodrick"
    },
    {
        "id": "6202",
        "name": "Cherie"
    },
    {
        "id": "6203",
        "name": "Hollis"
    },
    {
        "id": "6204",
        "name": "Rick Sand"
    },
    {
        "id": "6205",
        "name": "Marc Smith"
    },
    {
        "id": "6206",
        "name": "John Smith"
    },
    {
        "id": "6207",
        "name": "EmanMomani"
    },
    {
        "id": "6208",
        "name": "G25_TestUser"
    },
    {
        "id": "6209",
        "name": "dcvadsgv wefwqef"
    },
    {
        "id": "6210",
        "name": "Ulugbek Berdiev"
    },
    {
        "id": "6211",
        "name": "Ulugbek Berdiev"
    },
    {
        "id": "6212",
        "name": "Mari"
    },
    {
        "id": "6213",
        "name": "John Smith"
    },
    {
        "id": "6214",
        "name": "John Smith"
    },
    {
        "id": "6215",
        "name": "John Smith"
    },
    {
        "id": "6216",
        "name": "John Smith"
    },
    {
        "id": "6217",
        "name": "John Smith"
    },
    {
        "id": "6218",
        "name": "John Smith"
    },
    {
        "id": "6219",
        "name": "John Smith"
    },
    {
        "id": "6220",
        "name": "awdawd"
    },
    {
        "id": "6221",
        "name": "awdawd"
    },
    {
        "id": "6222",
        "name": "awdawdawdawd"
    },
    {
        "id": "6223",
        "name": "awdawd"
    },
    {
        "id": "6224",
        "name": "John Smith"
    },
    {
        "id": "6225",
        "name": "Jefferey O'Reilly"
    },
    {
        "id": "6226",
        "name": "Natalya Kutch"
    },
    {
        "id": "6227",
        "name": "Cameron Frami"
    },
    {
        "id": "6228",
        "name": "Desmond Ruecker"
    },
    {
        "id": "6229",
        "name": "Mr. Yee Klocko"
    },
    {
        "id": "6230",
        "name": "Ila Champlin"
    },
    {
        "id": "6231",
        "name": "Carin Adams"
    },
    {
        "id": "6232",
        "name": "Brady Mitchell"
    },
    {
        "id": "6233",
        "name": "Amiee Torphy PhD"
    },
    {
        "id": "6234",
        "name": "Miss Kenneth Moen"
    },
    {
        "id": "6235",
        "name": "Mr. Ned Reinger"
    },
    {
        "id": "6236",
        "name": "Krysten Douglas"
    },
    {
        "id": "6237",
        "name": "Cliff Rau"
    },
    {
        "id": "6238",
        "name": "Raymon Champlin"
    },
    {
        "id": "6239",
        "name": "Seymour Reynolds"
    },
    {
        "id": "6240",
        "name": "Joycelyn Nikolaus"
    },
    {
        "id": "6241",
        "name": "Sherika Heidenreich"
    },
    {
        "id": "6242",
        "name": "Heidy Bashirian"
    },
    {
        "id": "6243",
        "name": "Donny McLaughlin"
    },
    {
        "id": "6244",
        "name": "Faith Kovacek DDS"
    },
    {
        "id": "6245",
        "name": "Shavonda Buckridge Sr."
    },
    {
        "id": "6246",
        "name": "sadfadfs"
    },
    {
        "id": "6247",
        "name": "Miss Ettie Schaden"
    },
    {
        "id": "6248",
        "name": "Vernell Kihn III"
    },
    {
        "id": "6249",
        "name": "Gordon Bosco II"
    },
    {
        "id": "6250",
        "name": "Ken Labadie"
    },
    {
        "id": "6251",
        "name": "Dr. Raisa McClure"
    },
    {
        "id": "6252",
        "name": "Otha Gutkowski"
    },
    {
        "id": "6253",
        "name": "Hobert Kuhn"
    },
    {
        "id": "6254",
        "name": "Marie Curie"
    },
    {
        "id": "6255",
        "name": "Rosalind Franklin"
    },
    {
        "id": "6256",
        "name": "List Meitner"
    },
    {
        "id": "6257",
        "name": "Chien-Shiung Wu"
    },
    {
        "id": "6258",
        "name": "Barbara McClintock"
    },
    {
        "id": "6259",
        "name": "Marie Curie"
    },
    {
        "id": "6260",
        "name": "Rosalind Franklin"
    },
    {
        "id": "6261",
        "name": "List Meitner"
    },
    {
        "id": "6262",
        "name": "Chien-Shiung Wu"
    },
    {
        "id": "6263",
        "name": "Barbara McClintock"
    },
    {
        "id": "6264",
        "name": "Phylis Effertz"
    },
    {
        "id": "6265",
        "name": "Armando Weissnat"
    },
    {
        "id": "6266",
        "name": "Mario Cassin"
    },
    {
        "id": "6267",
        "name": "<fullName>"
    },
    {
        "id": "6268",
        "name": "Teena Bailey"
    },
    {
        "id": "6269",
        "name": "Merrilee Lakin"
    },
    {
        "id": "6270",
        "name": "Wen Will DDS"
    },
    {
        "id": "6271",
        "name": "Rosalind Franklin"
    },
    {
        "id": "6272",
        "name": "List Meitner"
    },
    {
        "id": "6273",
        "name": "Chien-Shiung Wu"
    },
    {
        "id": "6274",
        "name": "Barbara McClintock"
    },
    {
        "id": "6275",
        "name": "Marie Curie"
    },
    {
        "id": "6276",
        "name": "Chien-Shiung Wu"
    },
    {
        "id": "6277",
        "name": "Barbara McClintock"
    },
    {
        "id": "6278",
        "name": "Marie Curie"
    },
    {
        "id": "6279",
        "name": "Rosalind Franklin"
    },
    {
        "id": "6280",
        "name": "List Meitner"
    },
    {
        "id": "6281",
        "name": "Chien-Shiung Wu"
    },
    {
        "id": "6282",
        "name": "Barbara McClintock"
    },
    {
        "id": "6283",
        "name": "Samson "
    },
    {
        "id": "6284",
        "name": "Para"
    },
    {
        "id": "6285",
        "name": "Moon"
    },
    {
        "id": "6286",
        "name": "nanmnfa"
    },
    {
        "id": "6287",
        "name": "kaala"
    },
    {
        "id": "6288",
        "name": "SamsoN3"
    },
    {
        "id": "6289",
        "name": "Elaine Stoltenberg"
    },
    {
        "id": "6290",
        "name": "Geri Fritsch Jr."
    },
    {
        "id": "6291",
        "name": "Darcie Zulauf"
    },
    {
        "id": "6292",
        "name": "Gwenn Mann"
    },
    {
        "id": "6293",
        "name": "Florencia Collins DDS"
    },
    {
        "id": "6294",
        "name": "Kris Price V"
    },
    {
        "id": "6295",
        "name": "Cumali Heryerde"
    },
    {
        "id": "6296",
        "name": "aeffef"
    },
    {
        "id": "6297",
        "name": "asdfewf"
    },
    {
        "id": "6298",
        "name": "wefewf"
    },
    {
        "id": "6299",
        "name": "wefwef"
    },
    {
        "id": "6300",
        "name": "Ginger Vitis"
    },
    {
        "id": "6301",
        "name": "Dawn Gusikowski V"
    },
    {
        "id": "6302",
        "name": "John Doe"
    },
    {
        "id": "6303",
        "name": "Selami"
    },
    {
        "id": "6304",
        "name": "Selam Selami"
    },
    {
        "id": "6305",
        "name": "Selam"
    },
    {
        "id": "6306",
        "name": "Laurine Gorczany DVM"
    },
    {
        "id": "6307",
        "name": "safad"
    },
    {
        "id": "6308",
        "name": "SamosN4"
    },
    {
        "id": "6309",
        "name": "Carmelo Thompson"
    },
    {
        "id": "6310",
        "name": "Roxie Morissette"
    },
    {
        "id": "6311",
        "name": "Valentine Harris"
    },
    {
        "id": "6312",
        "name": "Dierdre Collier"
    },
    {
        "id": "6313",
        "name": "Roger Balistreri"
    },
    {
        "id": "6314",
        "name": "SamosN4"
    },
    {
        "id": "6315",
        "name": "fa"
    },
    {
        "id": "6316",
        "name": "SamosN4"
    },
    {
        "id": "6317",
        "name": "Dr. Emilia Lesch"
    },
    {
        "id": "6318",
        "name": "Dr. Sharilyn Carter"
    },
    {
        "id": "6319",
        "name": "Jacquetta Abshire I"
    },
    {
        "id": "6320",
        "name": "Yuk Fahey"
    },
    {
        "id": "6321",
        "name": "Marie Curie"
    },
    {
        "id": "6322",
        "name": "Rosalind Franklin"
    },
    {
        "id": "6323",
        "name": "Rosalind Franklin"
    },
    {
        "id": "6324",
        "name": "List Meitner"
    },
    {
        "id": "6325",
        "name": "Chien-Shiung Wu"
    },
    {
        "id": "6326",
        "name": "List Meitner"
    },
    {
        "id": "6327",
        "name": "Barbara McClintock"
    },
    {
        "id": "6328",
        "name": "Chien-Shiung Wu"
    },
    {
        "id": "6329",
        "name": "Barbara McClintock"
    },
    {
        "id": "6330",
        "name": "Marie Curie"
    },
    {
        "id": "6331",
        "name": "Marie Curie"
    },
    {
        "id": "6332",
        "name": "Rosalind Franklin"
    },
    {
        "id": "6333",
        "name": "List Meitner"
    },
    {
        "id": "6334",
        "name": "Barbara McClintock"
    },
    {
        "id": "6335",
        "name": "Barbara McClintock"
    },
    {
        "id": "6336",
        "name": "James Bond"
    },
    {
        "id": "6337",
        "name": "John Wall"
    },
    {
        "id": "6338",
        "name": "James Bond"
    },
    {
        "id": "6339",
        "name": "a"
    },
    {
        "id": "6340",
        "name": "Example Name"
    },
    {
        "id": "6341",
        "name": "James Bond"
    },
    {
        "id": "6342",
        "name": "Blake"
    },
    {
        "id": "6343",
        "name": "Reed"
    },
    {
        "id": "6344",
        "name": "Page"
    },
    {
        "id": "6345",
        "name": "Dominga"
    },
    {
        "id": "6346",
        "name": "Pinocchio"
    },
    {
        "id": "6347",
        "name": "Rollan"
    },
    {
        "id": "6348",
        "name": "test"
    },
    {
        "id": "6349",
        "name": "tester66"
    },
    {
        "id": "6350",
        "name": "Pablo"
    },
    {
        "id": "6351",
        "name": "Pablo"
    },
    {
        "id": "6352",
        "name": "Ms. Rod Borer"
    },
    {
        "id": "6353",
        "name": "Edwin Kuvalis"
    },
    {
        "id": "6354",
        "name": "Hyman Sanford"
    },
    {
        "id": "6355",
        "name": "Fausto Doyle V"
    },
    {
        "id": "6356",
        "name": "John Smith"
    },
    {
        "id": "6357",
        "name": "Cameron GorczanyCameron Gorczany"
    },
    {
        "id": "6358",
        "name": "Dorian Ryan"
    },
    {
        "id": "6359",
        "name": "Ellis Hayes"
    },
    {
        "id": "6360",
        "name": "Edmund Dibbert"
    },
    {
        "id": "6361",
        "name": "Fabian Jast"
    },
    {
        "id": "6362",
        "name": "Freddy Swaniawski"
    },
    {
        "id": "6363",
        "name": "Fara Shukurova"
    },
    {
        "id": "6364",
        "name": "Leslie Emmerich"
    },
    {
        "id": "6365",
        "name": "Mrs. Venessa Bechtelar"
    },
    {
        "id": "6366",
        "name": "Mike"
    },
    {
        "id": "6367",
        "name": "Shaun Walker"
    },
    {
        "id": "6368",
        "name": "Miss Bennie Grady"
    },
    {
        "id": "6369",
        "name": "James Bond"
    },
    {
        "id": "6370",
        "name": "James Bond"
    },
    {
        "id": "6371",
        "name": "James"
    },
    {
        "id": "6372",
        "name": "JB"
    },
    {
        "id": "6373",
        "name": "JamesBond"
    },
    {
        "id": "6374",
        "name": "Steve Bond"
    },
    {
        "id": "6375",
        "name": "aaa"
    },
    {
        "id": "6376",
        "name": "Nancy Bond"
    },
    {
        "id": "6377",
        "name": "Nan Bond"
    },
    {
        "id": "6378",
        "name": "Casey Reichert DDS"
    },
    {
        "id": "6379",
        "name": "Dr. Alissa Adams"
    },
    {
        "id": "6380",
        "name": "Jaye Stehr DDS"
    },
    {
        "id": "6381",
        "name": "Britt Gulgowski"
    },
    {
        "id": "6382",
        "name": "Annis Spencer"
    },
    {
        "id": "6383",
        "name": "Guillermo Heathcote"
    },
    {
        "id": "6384",
        "name": "Gil Berge"
    },
    {
        "id": "6385",
        "name": "Jinny Sawayn"
    },
    {
        "id": "6386",
        "name": "Darius Sauer IV"
    },
    {
        "id": "6387",
        "name": "Karon Okuneva"
    },
    {
        "id": "6388",
        "name": "asd"
    },
    {
        "id": "6389",
        "name": "dsadsa"
    },
    {
        "id": "6390",
        "name": "dasdas"
    },
    {
        "id": "6391",
        "name": "sdadas"
    },
    {
        "id": "6392",
        "name": "adsdas"
    },
    {
        "id": "6393",
        "name": "asdasd"
    },
    {
        "id": "6394",
        "name": "dsadsa"
    },
    {
        "id": "6395",
        "name": "James Bonds"
    },
    {
        "id": "6396",
        "name": "Jackie Chan"
    },
    {
        "id": "6397",
        "name": "John "
    },
    {
        "id": "6398",
        "name": "Melissa Rose"
    },
    {
        "id": "6399",
        "name": "Melissa Rose"
    },
    {
        "id": "6400",
        "name": "Melissa Rose"
    },
    {
        "id": "6401",
        "name": "Melissa Rose"
    },
    {
        "id": "6402",
        "name": "James Bond"
    },
    {
        "id": "6403",
        "name": "j b"
    },
    {
        "id": "6404",
        "name": "Frederick Abshire"
    },
    {
        "id": "6405",
        "name": "Joannie Kirlin"
    },
    {
        "id": "6406",
        "name": "Jenell Nader"
    },
    {
        "id": "6407",
        "name": "Domingo Funk"
    },
    {
        "id": "6408",
        "name": "Muhammed Ali Champ"
    },
    {
        "id": "6409",
        "name": "cyde0129"
    },
    {
        "id": "6410",
        "name": "Miss Rowena O'Keefe"
    },
    {
        "id": "6411",
        "name": "Myrtie Zemlak IV"
    },
    {
        "id": "6412",
        "name": "Chet Runolfsson DVM"
    },
    {
        "id": "6413",
        "name": "Mrs. Emilio Johnston"
    },
    {
        "id": "6414",
        "name": "Ms. Carolina Hartmann"
    },
    {
        "id": "6415",
        "name": "Don Kassulke"
    },
    {
        "id": "6416",
        "name": "Myrtle Prohaska"
    },
    {
        "id": "6417",
        "name": "Miss Cecil Franecki"
    },
    {
        "id": "6418",
        "name": "Jessenia Lemke MD"
    },
    {
        "id": "6419",
        "name": "Ms. Lauri Nolan"
    },
    {
        "id": "6420",
        "name": "Will Koss"
    },
    {
        "id": "6421",
        "name": "Mr. Jerrod Sipes"
    },
    {
        "id": "6422",
        "name": "Cameron Lynch"
    },
    {
        "id": "6423",
        "name": "Na Towne"
    },
    {
        "id": "6424",
        "name": "John Smith"
    },
    {
        "id": "6425",
        "name": "Marget Cronin"
    },
    {
        "id": "6426",
        "name": "Britany Schamberger"
    },
    {
        "id": "6427",
        "name": "Reggie Barrows"
    },
    {
        "id": "6428",
        "name": "Karlyn Veum"
    },
    {
        "id": "6429",
        "name": "Abraham Aufderhar"
    },
    {
        "id": "6430",
        "name": "Margarette Dare Jr."
    },
    {
        "id": "6431",
        "name": "mahmut"
    },
    {
        "id": "6432",
        "name": "Testing Tester"
    },
    {
        "id": "6433",
        "name": "jimmy"
    },
    {
        "id": "6434",
        "name": "Aden"
    },
    {
        "id": "6435",
        "name": "Jamie"
    },
    {
        "id": "6436",
        "name": "Jonathan"
    },
    {
        "id": "6437",
        "name": "Tom"
    },
    {
        "id": "6438",
        "name": "Alie"
    },
    {
        "id": "6439",
        "name": "Val"
    },
    {
        "id": "6440",
        "name": "Kim"
    },
    {
        "id": "6441",
        "name": "cydeo"
    },
    {
        "id": "6442",
        "name": "Tammy"
    },
    {
        "id": "6443",
        "name": "Kimberly"
    },
    {
        "id": "6444",
        "name": "Roberto"
    },
    {
        "id": "6445",
        "name": "Tom"
    },
    {
        "id": "6446",
        "name": "Tamran"
    },
    {
        "id": "6447",
        "name": "Alex Kan"
    },
    {
        "id": "6448",
        "name": "Timmy"
    },
    {
        "id": "6449",
        "name": "Madi"
    },
    {
        "id": "6450",
        "name": "Bridge"
    },
    {
        "id": "6451",
        "name": "Robertino"
    },
    {
        "id": "6452",
        "name": "Mike Smith"
    },
    {
        "id": "6453",
        "name": "2323%%^^"
    },
    {
        "id": "6454",
        "name": "Gina"
    },
    {
        "id": "6455",
        "name": "Mami"
    },
    {
        "id": "6456",
        "name": "Ceyda"
    },
    {
        "id": "6457",
        "name": "Saim"
    },
    {
        "id": "6458",
        "name": "Murodil"
    },
    {
        "id": "6459",
        "name": "Nadir"
    },
    {
        "id": "6460",
        "name": "com.github.javafaker.FunnyName@5484117b"
    },
    {
        "id": "6461",
        "name": "com.github.javafaker.FunnyName@5484117b"
    },
    {
        "id": "6462",
        "name": "asdf"
    },
    {
        "id": "6463",
        "name": "KING"
    },
    {
        "id": "6464",
        "name": "com.github.javafaker.FunnyName@5484117b"
    },
    {
        "id": "6465",
        "name": "asdf"
    },
    {
        "id": "6466",
        "name": "z"
    },
    {
        "id": "6467",
        "name": "Merle Schneider"
    },
    {
        "id": "6468",
        "name": "Selim"
    },
    {
        "id": "6469",
        "name": "Murodil"
    },
    {
        "id": "6470",
        "name": "Nadir"
    },
    {
        "id": "6471",
        "name": "com.github.javafaker.FunnyName@102c577f"
    },
    {
        "id": "6472",
        "name": "D King"
    },
    {
        "id": "6473",
        "name": "Vince Wilderman"
    },
    {
        "id": "6474",
        "name": "D King"
    },
    {
        "id": "6475",
        "name": "D King"
    },
    {
        "id": "6476",
        "name": "D King"
    },
    {
        "id": "6477",
        "name": "D King"
    },
    {
        "id": "6478",
        "name": "D King"
    },
    {
        "id": "6479",
        "name": "D King"
    },
    {
        "id": "6480",
        "name": "D King"
    },
    {
        "id": "6481",
        "name": "D King"
    },
    {
        "id": "6482",
        "name": "D King"
    },
    {
        "id": "6483",
        "name": "A"
    },
    {
        "id": "6484",
        "name": "A"
    },
    {
        "id": "6485",
        "name": "D King"
    },
    {
        "id": "6486",
        "name": "D King"
    },
    {
        "id": "6487",
        "name": "D King"
    },
    {
        "id": "6488",
        "name": "D King"
    },
    {
        "id": "6489",
        "name": "Selam"
    },
    {
        "id": "6490",
        "name": "Muratl"
    },
    {
        "id": "6491",
        "name": "Nadia"
    },
    {
        "id": "6492",
        "name": "D King"
    },
    {
        "id": "6493",
        "name": "EmanMomani"
    },
    {
        "id": "6494",
        "name": "EmanMomani"
    },
    {
        "id": "6495",
        "name": "EmanMomani"
    },
    {
        "id": "6496",
        "name": "Lacy Daugherty V"
    },
    {
        "id": "6497",
        "name": "Melissa Rose"
    },
    {
        "id": "6498",
        "name": "Selam"
    },
    {
        "id": "6499",
        "name": "Muratl"
    },
    {
        "id": "6500",
        "name": "Nadia"
    },
    {
        "id": "6501",
        "name": "Mike"
    },
    {
        "id": "6502",
        "name": "Dominic Rolfson"
    },
    {
        "id": "6503",
        "name": "Franklin Lockman"
    },
    {
        "id": "6504",
        "name": "Bailey Okuneva"
    },
    {
        "id": "6505",
        "name": "Abel Buckridge"
    },
    {
        "id": "6506",
        "name": "Evelin Stamm DVM"
    },
    {
        "id": "6507",
        "name": "Chrystal Upton"
    },
    {
        "id": "6508",
        "name": "Ms. Daniell Tromp"
    },
    {
        "id": "6509",
        "name": "Darya Dovgal"
    },
    {
        "id": "6510",
        "name": "dummy"
    },
    {
        "id": "6511",
        "name": "sadfsadf"
    },
    {
        "id": "6512",
        "name": "Ronald Daugherty"
    },
    {
        "id": "6513",
        "name": "Nicholas Lakin"
    },
    {
        "id": "6514",
        "name": "hodor"
    },
    {
        "id": "6515",
        "name": "Baha Kuban"
    },
    {
        "id": "6516",
        "name": "Baha Kuban"
    },
    {
        "id": "6517",
        "name": "vbvcb"
    },
    {
        "id": "6518",
        "name": "cdd"
    },
    {
        "id": "6519",
        "name": "fgh"
    },
    {
        "id": "6520",
        "name": "Baha Kuban"
    },
    {
        "id": "6521",
        "name": "Amos Grimes"
    },
    {
        "id": "6522",
        "name": "Dr. Homer Durgan"
    },
    {
        "id": "6523",
        "name": "Mr. Tristan Pfannerstill"
    },
    {
        "id": "6524",
        "name": "Trevor Feeney"
    },
    {
        "id": "6525",
        "name": "Mrs. Janett Dare"
    },
    {
        "id": "6526",
        "name": "Dr. Jesse Witting"
    },
    {
        "id": "6527",
        "name": "Katherina White"
    },
    {
        "id": "6528",
        "name": "Yong Bernhard III"
    },
    {
        "id": "6529",
        "name": "Mr. Nickolas King"
    },
    {
        "id": "6530",
        "name": "Dr. Ted Goldner"
    },
    {
        "id": "6531",
        "name": "Mrs. Dion Schulist"
    },
    {
        "id": "6532",
        "name": "Sergio Orn"
    },
    {
        "id": "6533",
        "name": "Mckinley Bahringer"
    },
    {
        "id": "6534",
        "name": "Dalton Klein"
    },
    {
        "id": "6535",
        "name": "Buford Smitham"
    },
    {
        "id": "6536",
        "name": "Buster Koch"
    },
    {
        "id": "6537",
        "name": "Percy Grimes"
    },
    {
        "id": "6538",
        "name": "Pinkie Langworth"
    },
    {
        "id": "6539",
        "name": "Stacy Leffler"
    },
    {
        "id": "6540",
        "name": "12345678911234567892123456789312345678941234567895123456789612345"
    },
    {
        "id": "6541",
        "name": "Volodymyr Zelensky"
    },
    {
        "id": "6542",
        "name": "Graham Wintheiser"
    },
    {
        "id": "6543",
        "name": "Gina Stracke"
    },
    {
        "id": "6544",
        "name": "Francisco Paucek"
    },
    {
        "id": "6545",
        "name": "Mr. Shira Sauer"
    },
    {
        "id": "6546",
        "name": "Reginia Bahringer IV"
    },
    {
        "id": "6547",
        "name": "Herbert King"
    },
    {
        "id": "6548",
        "name": "Marie Curie"
    },
    {
        "id": "6549",
        "name": "List Meitner"
    },
    {
        "id": "6550",
        "name": "Barbara McClintock"
    },
    {
        "id": "6551",
        "name": "Lauren Gottlieb"
    },
    {
        "id": "6552",
        "name": "Michiko Heller"
    },
    {
        "id": "6553",
        "name": "Myrta Carroll"
    },
    {
        "id": "6554",
        "name": "Dennise White"
    },
    {
        "id": "6555",
        "name": "Leland Tremblay"
    },
    {
        "id": "6556",
        "name": "Gema Collins"
    },
    {
        "id": "6557",
        "name": "Gabriel Kuhlman"
    },
    {
        "id": "6558",
        "name": "Jospeh Leffler"
    },
    {
        "id": "6559",
        "name": "Clarence Wiegand"
    },
    {
        "id": "6560",
        "name": "Griselda Lockman"
    },
    {
        "id": "6561",
        "name": "Ed Wilkinson"
    },
    {
        "id": "6562",
        "name": "Raelene Swaniawski"
    },
    {
        "id": "6563",
        "name": "Mr. Lamont Rippin"
    },
    {
        "id": "6564",
        "name": "Timmy Orn"
    },
    {
        "id": "6565",
        "name": "Perla Klocko"
    },
    {
        "id": "6566",
        "name": "Kisha Williamson V"
    },
    {
        "id": "6567",
        "name": "Buford McClure"
    },
    {
        "id": "6568",
        "name": "Ms. Alene Gleason"
    },
    {
        "id": "6569",
        "name": "Edmund Dicki"
    },
    {
        "id": "6570",
        "name": "Dell Kub"
    },
    {
        "id": "6571",
        "name": "Griselda Block"
    },
    {
        "id": "6572",
        "name": "Tanika VonRueden"
    },
    {
        "id": "6573",
        "name": "Krishna Bednar"
    },
    {
        "id": "6574",
        "name": "Jeffry Windler"
    },
    {
        "id": "6575",
        "name": "Ross Donnelly MD"
    },
    {
        "id": "6576",
        "name": "Miss Dylan Bode"
    },
    {
        "id": "6577",
        "name": "Wayne Denesik"
    },
    {
        "id": "6578",
        "name": "Frances Bergnaum"
    },
    {
        "id": "6579",
        "name": "Stanton Jacobs"
    },
    {
        "id": "6580",
        "name": "Shayne Schuppe"
    },
    {
        "id": "6581",
        "name": "Lincoln Bernhard"
    },
    {
        "id": "6582",
        "name": "Moises Rodriguez V"
    },
    {
        "id": "6583",
        "name": "Jesusita Pfeffer MD"
    },
    {
        "id": "6584",
        "name": "Garth Zemlak"
    },
    {
        "id": "6585",
        "name": "Elisa Lesch"
    },
    {
        "id": "6586",
        "name": "Thurman Block"
    },
    {
        "id": "6587",
        "name": "Rey Thiel"
    },
    {
        "id": "6588",
        "name": "Donnell Veum"
    },
    {
        "id": "6589",
        "name": "Dr. Louann Klein"
    },
    {
        "id": "6590",
        "name": "Miss Gwenn Jacobson"
    },
    {
        "id": "6591",
        "name": "Cecil Herman"
    },
    {
        "id": "6592",
        "name": "Ta Hagenes"
    },
    {
        "id": "6593",
        "name": "Lauri Dare"
    },
    {
        "id": "6594",
        "name": "Samara MacGyver"
    },
    {
        "id": "6595",
        "name": "Glinda McDermott"
    },
    {
        "id": "6596",
        "name": "Edmond Jakubowski"
    },
    {
        "id": "6597",
        "name": "Chase Stiedemann"
    },
    {
        "id": "6598",
        "name": "Wally Koss"
    },
    {
        "id": "6599",
        "name": "Harold Hahn DDS"
    },
    {
        "id": "6600",
        "name": "Rey Weber"
    },
    {
        "id": "6601",
        "name": "Wilda Schuppe"
    },
    {
        "id": "6602",
        "name": "Monika Koch"
    },
    {
        "id": "6603",
        "name": "Allan Kshlerin"
    },
    {
        "id": "6604",
        "name": "Karine Stoltenberg Jr."
    },
    {
        "id": "6605",
        "name": "Ms. Alvaro Glover"
    },
    {
        "id": "6606",
        "name": "Whitney Fritsch"
    },
    {
        "id": "6607",
        "name": "Nieves Shanahan"
    },
    {
        "id": "6608",
        "name": "Andrew Yundt"
    },
    {
        "id": "6609",
        "name": "Cornell Thiel"
    },
    {
        "id": "6610",
        "name": "Woodrow Mante"
    },
    {
        "id": "6611",
        "name": "Brett Hauck"
    },
    {
        "id": "6612",
        "name": "Ms. Rachelle Pfannerstill"
    },
    {
        "id": "6613",
        "name": "Tomeka Funk"
    },
    {
        "id": "6614",
        "name": "Quinton Ryan"
    },
    {
        "id": "6615",
        "name": "Lauren Stamm"
    },
    {
        "id": "6616",
        "name": "Estrella Metz"
    },
    {
        "id": "6617",
        "name": "Erdi"
    },
    {
        "id": "6618",
        "name": "Fidel Muller"
    },
    {
        "id": "6619",
        "name": "Margarito Spinka II"
    },
    {
        "id": "6620",
        "name": "Georgia Stracke I"
    },
    {
        "id": "6621",
        "name": "Malia Trantow"
    },
    {
        "id": "6622",
        "name": "Linh Nitzsche II"
    },
    {
        "id": "6623",
        "name": "Mrs. Adolph Torp"
    },
    {
        "id": "6624",
        "name": "Erdi Kant"
    },
    {
        "id": "6625",
        "name": "Chasity Cassin"
    },
    {
        "id": "6626",
        "name": "Charisse White DDS"
    },
    {
        "id": "6627",
        "name": "Lovetta Runte"
    },
    {
        "id": "6628",
        "name": "Louie Fay"
    },
    {
        "id": "6629",
        "name": "Loren Labadie MD"
    },
    {
        "id": "6630",
        "name": "Markus Oberbrunner"
    },
    {
        "id": "6631",
        "name": "Margot Wiza"
    },
    {
        "id": "6632",
        "name": "Mrs. Tamika Kunde"
    },
    {
        "id": "6633",
        "name": "Dominick Becker I"
    },
    {
        "id": "6634",
        "name": "Augustine Connelly"
    },
    {
        "id": "6635",
        "name": "Idalia Rath"
    },
    {
        "id": "6636",
        "name": "Jacinto Hauck DVM"
    },
    {
        "id": "6637",
        "name": "Harvey Terry"
    },
    {
        "id": "6638",
        "name": "Coletta Schaden III"
    },
    {
        "id": "6639",
        "name": "Luba Dooley"
    },
    {
        "id": "6640",
        "name": "Mr. Gayle Legros"
    },
    {
        "id": "6641",
        "name": "Jade McClure"
    },
    {
        "id": "6642",
        "name": "Rosaria Gibson"
    },
    {
        "id": "6643",
        "name": "Werner Huel II"
    },
    {
        "id": "6644",
        "name": "Manuel Metz"
    },
    {
        "id": "6645",
        "name": "Mr. Karrie Mayer"
    },
    {
        "id": "6646",
        "name": "James Okuneva"
    },
    {
        "id": "6647",
        "name": "Hunter Frami"
    },
    {
        "id": "6648",
        "name": "Irving Douglas"
    },
    {
        "id": "6649",
        "name": "Margarito Schiller I"
    },
    {
        "id": "6650",
        "name": "Mrs. Jeanice Lemke"
    },
    {
        "id": "6651",
        "name": "Emilio Bauch"
    },
    {
        "id": "6652",
        "name": "Christine Beer"
    },
    {
        "id": "6653",
        "name": "Zula Runolfsson"
    },
    {
        "id": "6654",
        "name": "Ilona Koelpin"
    },
    {
        "id": "6655",
        "name": "Carie Friesen"
    },
    {
        "id": "6656",
        "name": "Mr. Trang Sauer"
    },
    {
        "id": "6657",
        "name": "Charissa Morar"
    },
    {
        "id": "6658",
        "name": "Moises Bartell"
    },
    {
        "id": "6659",
        "name": "Dr. Shaun Christiansen"
    },
    {
        "id": "6660",
        "name": "Bernardo Cormier Sr."
    },
    {
        "id": "6661",
        "name": "Burma Weissnat"
    },
    {
        "id": "6662",
        "name": "Terrie Schroeder"
    },
    {
        "id": "6663",
        "name": "Mr. Eliz Adams"
    },
    {
        "id": "6664",
        "name": "Cleveland Upton"
    },
    {
        "id": "6665",
        "name": "Delbert Lemke"
    },
    {
        "id": "6666",
        "name": "Soila Krajcik"
    },
    {
        "id": "6667",
        "name": "Delmar Lueilwitz DVM"
    },
    {
        "id": "6668",
        "name": "Ricardo Brakus I"
    },
    {
        "id": "6669",
        "name": "Mr. Dominica Zboncak"
    },
    {
        "id": "6670",
        "name": "Mr. August Botsford"
    },
    {
        "id": "6671",
        "name": "Carie Bechtelar"
    },
    {
        "id": "6672",
        "name": "Onita Bartoletti I"
    },
    {
        "id": "6673",
        "name": "Vannessa Kuphal"
    },
    {
        "id": "6674",
        "name": "Dr. Shery Feeney"
    },
    {
        "id": "6675",
        "name": "Emerald Mayer II"
    },
    {
        "id": "6676",
        "name": "Mrs. Shawn Jacobi"
    },
    {
        "id": "6677",
        "name": "Sharonda Ziemann"
    },
    {
        "id": "6678",
        "name": "Cherelle Sauer"
    },
    {
        "id": "6679",
        "name": "Carrol Sporer MD"
    },
    {
        "id": "6680",
        "name": "Ezekiel Kiehn"
    },
    {
        "id": "6681",
        "name": "Maisha Fahey"
    },
    {
        "id": "6682",
        "name": "Larita Monahan"
    },
    {
        "id": "6683",
        "name": "Yee Torphy"
    },
    {
        "id": "6684",
        "name": "Tanesha Krajcik"
    },
    {
        "id": "6685",
        "name": "Many Hartmann"
    },
    {
        "id": "6686",
        "name": "Dorthey Davis"
    },
    {
        "id": "6687",
        "name": "Carmen Stracke"
    },
    {
        "id": "6688",
        "name": "Stephnie Botsford"
    },
    {
        "id": "6689",
        "name": "Adolph Feil"
    },
    {
        "id": "6690",
        "name": "Erin Von"
    },
    {
        "id": "6691",
        "name": "Cori Reichel"
    },
    {
        "id": "6692",
        "name": "Nevada Waters PhD"
    },
    {
        "id": "6693",
        "name": "Cary Blanda"
    },
    {
        "id": "6694",
        "name": "Lavina Quitzon"
    },
    {
        "id": "6695",
        "name": "Jessika Bergstrom"
    },
    {
        "id": "6696",
        "name": "Angel Cummings"
    },
    {
        "id": "6697",
        "name": "Corinne Harber"
    },
    {
        "id": "6698",
        "name": "Carlo Kris IV"
    },
    {
        "id": "6699",
        "name": "Timothy Kuhn"
    },
    {
        "id": "6700",
        "name": "Jon Langosh Jr."
    },
    {
        "id": "6701",
        "name": "Bradford Wilderman IV"
    },
    {
        "id": "6702",
        "name": "Shanti Feest"
    },
    {
        "id": "6703",
        "name": "Ms. Dominick Hayes"
    },
    {
        "id": "6704",
        "name": "Harland Graham"
    },
    {
        "id": "6705",
        "name": "Sherice Welch"
    },
    {
        "id": "6706",
        "name": "Yun Waelchi"
    },
    {
        "id": "6707",
        "name": "Miss Terese Schultz"
    },
    {
        "id": "6708",
        "name": "Murray Armstrong DDS"
    },
    {
        "id": "6709",
        "name": "Claud Nienow"
    },
    {
        "id": "6710",
        "name": "Rochel Herman"
    },
    {
        "id": "6711",
        "name": "Fredric Zulauf"
    },
    {
        "id": "6712",
        "name": "Ms. Karole Cassin"
    },
    {
        "id": "6713",
        "name": "Garfield Graham DDS"
    },
    {
        "id": "6714",
        "name": "Clifford Nienow"
    },
    {
        "id": "6715",
        "name": "Ellie Herman"
    },
    {
        "id": "6716",
        "name": "Luetta Mosciski"
    },
    {
        "id": "6717",
        "name": "Shae Zboncak"
    },
    {
        "id": "6718",
        "name": "Alison Ebert"
    },
    {
        "id": "6719",
        "name": "Devora Gorczany"
    },
    {
        "id": "6720",
        "name": "Cliff Ritchie"
    },
    {
        "id": "6721",
        "name": "Wilmer Corkery"
    },
    {
        "id": "6722",
        "name": "Carl Lubowitz"
    },
    {
        "id": "6723",
        "name": "Dyan Walter"
    },
    {
        "id": "6724",
        "name": "Christina Schuster"
    },
    {
        "id": "6725",
        "name": "Frances Prosacco"
    },
    {
        "id": "6726",
        "name": "Ms. Willia Leuschke"
    },
    {
        "id": "6727",
        "name": "Isaac Hammes"
    },
    {
        "id": "6728",
        "name": "Debi Lindgren Sr."
    },
    {
        "id": "6729",
        "name": "Robin Green"
    },
    {
        "id": "6730",
        "name": "Adriana Streich Sr."
    },
    {
        "id": "6731",
        "name": "Awilda Rippin"
    },
    {
        "id": "6732",
        "name": "Angeles Wehner"
    },
    {
        "id": "6733",
        "name": "Li Berge Jr."
    },
    {
        "id": "6734",
        "name": "Kizzy VonRueden"
    },
    {
        "id": "6735",
        "name": "Donte Dickens"
    },
    {
        "id": "6736",
        "name": "Quinton Haag"
    },
    {
        "id": "6737",
        "name": "Azalee Goodwin Jr."
    },
    {
        "id": "6738",
        "name": "Jackelyn Blick"
    },
    {
        "id": "6739",
        "name": "Clarisa Quitzon"
    },
    {
        "id": "6740",
        "name": "Timmy Toy"
    },
    {
        "id": "6741",
        "name": "Sondra Barrows"
    },
    {
        "id": "6742",
        "name": "Johnny Howell"
    },
    {
        "id": "6743",
        "name": "Darrell Dach"
    },
    {
        "id": "6744",
        "name": "Jodi Rippin Sr."
    },
    {
        "id": "6745",
        "name": "Tona Abernathy"
    },
    {
        "id": "6748",
        "name": "Mr. Elinor Cruickshank"
    },
    {
        "id": "6749",
        "name": "Spencer McClure"
    },
    {
        "id": "6750",
        "name": "Miranda Schinner"
    },
    {
        "id": "6751",
        "name": "Mr. Trina Ondricka"
    },
    {
        "id": "6752",
        "name": "Tory Schneider"
    },
    {
        "id": "6753",
        "name": "Nathanael Crist IV"
    },
    {
        "id": "6754",
        "name": "Blaine Wuckert"
    },
    {
        "id": "6755",
        "name": "Lurline Will"
    },
    {
        "id": "6756",
        "name": "Jean Moore"
    },
    {
        "id": "6757",
        "name": "Tonie Gleason"
    },
    {
        "id": "6758",
        "name": "Gary Hane"
    },
    {
        "id": "6759",
        "name": "Pei Emard"
    },
    {
        "id": "6760",
        "name": "Ms. Wally Schumm"
    },
    {
        "id": "6761",
        "name": "Adam Rosenbaum"
    },
    {
        "id": "6762",
        "name": "Pasquale Walker DVM"
    },
    {
        "id": "6763",
        "name": "Priscilla Simonis"
    },
    {
        "id": "6764",
        "name": "Miss Sommer Rodriguez"
    },
    {
        "id": "6765",
        "name": "Rodrick Buckridge"
    },
    {
        "id": "6766",
        "name": "Rich Kuphal"
    },
    {
        "id": "6767",
        "name": "Alva Sporer"
    },
    {
        "id": "6768",
        "name": "Ollie Lang"
    },
    {
        "id": "6769",
        "name": "Rolland Langosh Sr."
    },
    {
        "id": "6770",
        "name": "Bert Willms III"
    },
    {
        "id": "6771",
        "name": "Sung Mraz"
    },
    {
        "id": "6772",
        "name": "Voncile Walsh"
    },
    {
        "id": "6773",
        "name": "Hannah Stark MD"
    },
    {
        "id": "6774",
        "name": "Bella Bartoletti"
    },
    {
        "id": "6775",
        "name": "Keenan Terry"
    },
    {
        "id": "6776",
        "name": "Jonathon Dickinson"
    },
    {
        "id": "6777",
        "name": "Mr. Josiah Sipes"
    },
    {
        "id": "6778",
        "name": "Yesenia Koepp"
    },
    {
        "id": "6779",
        "name": "Percy Schoen"
    },
    {
        "id": "6780",
        "name": "Allen Tromp"
    },
    {
        "id": "6781",
        "name": "Ms. Leisha Kulas"
    },
    {
        "id": "6782",
        "name": "Madison Parker"
    },
    {
        "id": "6783",
        "name": "Ida Runolfsson"
    },
    {
        "id": "6784",
        "name": "Pam Wehner"
    },
    {
        "id": "6785",
        "name": "Mrs. Julian Labadie"
    },
    {
        "id": "6786",
        "name": "Esteban Cartwright"
    },
    {
        "id": "6787",
        "name": "Briana Halvorson"
    },
    {
        "id": "6788",
        "name": "Vaughn Kemmer"
    },
    {
        "id": "6789",
        "name": "Kimberley McKenzie"
    },
    {
        "id": "6790",
        "name": "Allene Borer"
    },
    {
        "id": "6791",
        "name": "Thanh Corkery"
    },
    {
        "id": "6792",
        "name": "Pei Brown"
    },
    {
        "id": "6793",
        "name": "Dylan Turner"
    },
    {
        "id": "6794",
        "name": "Mrs. Jenae Harris"
    },
    {
        "id": "6795",
        "name": "Dexter Beer"
    },
    {
        "id": "6796",
        "name": "Hung Ortiz"
    },
    {
        "id": "6797",
        "name": "Leandra Erdman II"
    },
    {
        "id": "6798",
        "name": "Markus Nitzsche"
    },
    {
        "id": "6799",
        "name": "A "
    },
    {
        "id": "6800",
        "name": "Kirby Schmitt"
    },
    {
        "id": "6801",
        "name": "Jennefer Feil MD"
    },
    {
        "id": "6802",
        "name": "Dee Kovacek"
    },
    {
        "id": "6803",
        "name": "Pat Moen"
    },
    {
        "id": "6804",
        "name": "Miss Kenneth Jones"
    },
    {
        "id": "6805",
        "name": "Mackenzie Murphy"
    },
    {
        "id": "6806",
        "name": "Forrest Baumbach DVM"
    },
    {
        "id": "6807",
        "name": "Diedre Gaylord"
    },
    {
        "id": "6808",
        "name": "Miss Lucretia O'Hara"
    },
    {
        "id": "6809",
        "name": "Alphonse Sauer"
    },
    {
        "id": "6810",
        "name": "Mrs. Georgianne Kuhn"
    },
    {
        "id": "6811",
        "name": "Mrs. Casey Luettgen"
    },
    {
        "id": "6812",
        "name": "Mr. Trinity Olson"
    },
    {
        "id": "6813",
        "name": "Ayako Little"
    },
    {
        "id": "6814",
        "name": "Jeremiah Kirlin"
    },
    {
        "id": "6815",
        "name": "Nicolle Goodwin"
    },
    {
        "id": "6816",
        "name": "Kyla Rippin"
    },
    {
        "id": "6817",
        "name": "Melisa Prosacco"
    },
    {
        "id": "6818",
        "name": "Rosalind Brakus"
    },
    {
        "id": "6819",
        "name": "Mr. Arron Willms"
    },
    {
        "id": "6820",
        "name": "Kyle Cartwright"
    },
    {
        "id": "6821",
        "name": "Talitha Mayert"
    },
    {
        "id": "6822",
        "name": "Terri Quigley"
    },
    {
        "id": "6823",
        "name": "Rodolfo Herzog"
    },
    {
        "id": "6824",
        "name": "Alton Padberg"
    },
    {
        "id": "6825",
        "name": "Bong Beahan"
    },
    {
        "id": "6826",
        "name": "Latanya Sipes"
    },
    {
        "id": "6827",
        "name": "Michelle Johnson"
    },
    {
        "id": "6828",
        "name": "Louella Hermann"
    },
    {
        "id": "6829",
        "name": "Mr. Tawana Hettinger"
    },
    {
        "id": "6830",
        "name": "Curtis Kunde"
    },
    {
        "id": "6831",
        "name": "Sana Parker II"
    },
    {
        "id": "6832",
        "name": "Lanita Goodwin"
    },
    {
        "id": "6833",
        "name": "Edgar Schaden DVM"
    },
    {
        "id": "6834",
        "name": "Christina Haag"
    },
    {
        "id": "6835",
        "name": "Alvaro Heidenreich"
    },
    {
        "id": "6836",
        "name": "Miss Doug Tillman"
    },
    {
        "id": "6837",
        "name": "Peter Doyle"
    },
    {
        "id": "6838",
        "name": "Orville Boyle"
    },
    {
        "id": "6839",
        "name": "Mitchel Torphy I"
    },
    {
        "id": "6840",
        "name": "Dr. Kurt Bednar"
    },
    {
        "id": "6841",
        "name": "Erik Yost"
    },
    {
        "id": "6842",
        "name": "Dr. Rocky Rippin"
    },
    {
        "id": "6843",
        "name": "Augustine Feest"
    },
    {
        "id": "6844",
        "name": "Shondra Littel Jr."
    },
    {
        "id": "6845",
        "name": "Archie Abbott"
    },
    {
        "id": "6846",
        "name": "Linnie Schaden DVM"
    },
    {
        "id": "6847",
        "name": "Micha Gaylord IV"
    },
    {
        "id": "6848",
        "name": "Freeman Wunsch"
    },
    {
        "id": "6849",
        "name": "Rufina Cormier"
    },
    {
        "id": "6850",
        "name": "Caroyln Hudson"
    },
    {
        "id": "6851",
        "name": "Inger Mertz"
    },
    {
        "id": "6852",
        "name": "Marco Jones"
    },
    {
        "id": "6853",
        "name": "Thresa Lynch"
    },
    {
        "id": "6854",
        "name": "Carli Carter"
    },
    {
        "id": "6855",
        "name": "Arleen Wyman"
    },
    {
        "id": "6856",
        "name": "Malorie Effertz"
    },
    {
        "id": "6857",
        "name": "Mrs. Crysta Lindgren"
    },
    {
        "id": "6858",
        "name": "Otis Gislason I"
    },
    {
        "id": "6859",
        "name": "Leatrice Fay III"
    },
    {
        "id": "6860",
        "name": "Otto Schinner V"
    },
    {
        "id": "6861",
        "name": "Johnnie Krajcik"
    },
    {
        "id": "6862",
        "name": "Ismael Nolan III"
    },
    {
        "id": "6863",
        "name": "Vita Haley"
    },
    {
        "id": "6864",
        "name": "Carmelia Cremin"
    },
    {
        "id": "6865",
        "name": "Devon Fritsch"
    },
    {
        "id": "6866",
        "name": "Shanell O'Connell"
    },
    {
        "id": "6867",
        "name": "Shonda Smith"
    },
    {
        "id": "6868",
        "name": "Adan Zboncak I"
    },
    {
        "id": "6869",
        "name": "Divina Trantow"
    },
    {
        "id": "6870",
        "name": "Dario Roberts Sr."
    },
    {
        "id": "6871",
        "name": "Perry Rogahn"
    },
    {
        "id": "6872",
        "name": "Pandora Prohaska PhD"
    },
    {
        "id": "6873",
        "name": "Ms. Emmett Daniel"
    },
    {
        "id": "6874",
        "name": "Edmund Mosciski"
    },
    {
        "id": "6875",
        "name": "Carline Reynolds"
    },
    {
        "id": "6876",
        "name": "Cameron Sanford"
    },
    {
        "id": "6877",
        "name": "Angila Bashirian"
    },
    {
        "id": "6878",
        "name": "Cherly Howe"
    },
    {
        "id": "6879",
        "name": "Gabriel Rempel"
    },
    {
        "id": "6880",
        "name": "Mirtha Christiansen"
    },
    {
        "id": "6881",
        "name": "Leonardo Senger"
    },
    {
        "id": "6882",
        "name": "Miss Galen Murphy"
    },
    {
        "id": "6883",
        "name": "Kina Stamm"
    },
    {
        "id": "6884",
        "name": "Ilona Rippin MD"
    },
    {
        "id": "6885",
        "name": "Ta Tremblay"
    },
    {
        "id": "6886",
        "name": "Violet Monahan"
    },
    {
        "id": "6887",
        "name": "Jamal Kunde"
    },
    {
        "id": "6888",
        "name": "Dr. Calvin Greenholt"
    },
    {
        "id": "6889",
        "name": "Mr. Xochitl O'Connell"
    },
    {
        "id": "6890",
        "name": "Tuan Mraz MD"
    },
    {
        "id": "6891",
        "name": "Miss Aracely Conroy"
    },
    {
        "id": "6892",
        "name": "Deane King"
    },
    {
        "id": "6893",
        "name": "Ms. Gerard Roob"
    },
    {
        "id": "6894",
        "name": "Miss Michael Sipes"
    },
    {
        "id": "6895",
        "name": "Curtis O'Kon"
    },
    {
        "id": "6896",
        "name": "Dr. Ed Wuckert"
    },
    {
        "id": "6897",
        "name": "Mrs. Bradly Torphy"
    },
    {
        "id": "6898",
        "name": "Dakota Russel"
    },
    {
        "id": "6899",
        "name": "Avril Bogisich"
    },
    {
        "id": "6900",
        "name": "Darrel Gorczany Jr."
    },
    {
        "id": "6901",
        "name": "Ms. Mariano Durgan"
    },
    {
        "id": "6902",
        "name": "Yevette Bosco"
    },
    {
        "id": "6903",
        "name": "Shayla Mertz"
    },
    {
        "id": "6904",
        "name": "Hobert Wunsch"
    },
    {
        "id": "6905",
        "name": "Jesus McGlynn"
    },
    {
        "id": "6906",
        "name": "Gertha Schaefer Jr."
    },
    {
        "id": "6907",
        "name": "Tandra Brown"
    },
    {
        "id": "6908",
        "name": "Arnoldo Schultz"
    },
    {
        "id": "6909",
        "name": "Racheal Tremblay"
    },
    {
        "id": "6910",
        "name": "Sau Hudson Sr."
    },
    {
        "id": "6911",
        "name": "Fil"
    },
    {
[...]
    },
    {
        "id": "8608",
        "name": "Owen Mayert V"
    },
    {
        "id": "8609",
        "name": "Bryant Lind"
    },
    {
        "id": "8610",
        "name": "Ty Jones"
    },
    {
        "id": "8612",
        "name": "Renato Adams"
    },
    {
        "id": "8616",
        "name": "Roselee Kuhlman"
    },
    {
        "id": "8617",
        "name": "Rosann Rempel"
    },
    {
        "id": "8618",
        "name": "Tyson Hane"
    },
    {
        "id": "8619",
        "name": "Rigoberto Brekke"
    },
    {
        "id": "8620",
        "name": "Sharlene Koelpin"
    },
    {
        "id": "8621",
        "name": "Emogene Ernser"
    },
    {
        "id": "8623",
        "name": "Guadalupe Emmerich"
    },
    {
        "id": "8624",
        "name": "Arnoldo Halvorson"
    },
    {
        "id": "8625",
        "name": "Marshall Bergnaum"
    },
    {
        "id": "8626",
        "name": "Maegan Hermann"
    },
    {
        "id": "8627",
        "name": "Haley Kessler"
    },
    {
        "id": "8628",
        "name": "Rosario Towne"
    },
    {
        "id": "8629",
        "name": "Ivelisse Pagac"
    },
    {
        "id": "8630",
        "name": "Sammie Abernathy"
    },
    {
        "id": "8631",
        "name": "Brianne Wilkinson Sr."
    },
    {
        "id": "8632",
        "name": "Sofia D'Amore"
    },
    {
        "id": "8633",
        "name": "Loni Langworth Sr."
    },
    {
        "id": "8635",
        "name": "Wilbur Tillman"
    },
    {
        "id": "8636",
        "name": "Jamal Armstrong"
    },
    {
        "id": "8637",
        "name": "Jerome Mohr"
    },
    {
        "id": "8638",
        "name": "Teddy Christiansen"
    },
    {
        "id": "8639",
        "name": "Siobhan Ward"
    },
    {
        "id": "8640",
        "name": "Dante Kohler"
    },
    {
        "id": "8641",
        "name": "Adalberto Crooks"
    },
    {
        "id": "8642",
        "name": "Curt Botsford"
    },
    {
        "id": "8644",
        "name": "Hortense Metz PhD"
    },
    {
        "id": "8645",
        "name": "Denny Leannon"
    },
    {
        "id": "8646",
        "name": "Nicolas Lakin"
    },
    {
        "id": "8647",
        "name": "Dino Armstrong"
    },
    {
        "id": "8648",
        "name": "Reggie Hodkiewicz"
    },
    {
        "id": "8650",
        "name": "Paul Hermiston"
    },
    {
        "id": "8651",
        "name": "Kermit Lemke"
    },
    {
        "id": "8653",
        "name": "My Schulist"
    },
    {
        "id": "8654",
        "name": "Lance Lang III"
    },
    {
        "id": "8655",
        "name": "Mike Bernier"
    },
    {
        "id": "8656",
        "name": "Trenton Beatty"
    },
    {
        "id": "8659",
        "name": "Drew Abernathy"
    },
    {
        "id": "8660",
        "name": "Charlesetta Ruecker"
    },
    {
        "id": "8661",
        "name": "Li Jenkins"
    },
    {
        "id": "8662",
        "name": "Conrad Tromp"
    },
    {
        "id": "8664",
        "name": "Jaye Bode"
    },
    {
        "id": "8665",
        "name": "Catalina Veum"
    },
    {
        "id": "8666",
        "name": "Mac Kessler"
    },
    {
        "id": "8667",
        "name": "Benito Bins"
    },
    {
        "id": "8668",
        "name": "Reiko Mayer V"
    },
    {
        "id": "8669",
        "name": "Samantha Bins"
    },
    {
        "id": "8672",
        "name": "Ezequiel Walsh MD"
    },
    {
        "id": "8673",
        "name": "Zenia Streich IV"
    },
    {
        "id": "8675",
        "name": "Desiree Cummerata"
    },
    {
        "id": "8677",
        "name": "Voncile Erdman"
    },
    {
        "id": "8678",
        "name": "Eve Trantow DVM"
    },
    {
        "id": "8679",
        "name": "Jeremy Tremblay IV"
    },
    {
        "id": "8680",
        "name": "Amos Cole"
    },
    {
        "id": "8681",
        "name": "Kati Langworth"
    },
    {
        "id": "8682",
        "name": "Al Labadie"
    },
    {
        "id": "8688",
        "name": "Taunya Cruickshank Sr."
    },
    {
        "id": "8689",
        "name": "Jason Effertz"
    },
    {
        "id": "8690",
        "name": "Horacio Feil"
    },
    {
        "id": "8691",
        "name": "Nereida Brekke"
    },
    {
        "id": "8693",
        "name": "Martina Muller DVM"
    },
    {
        "id": "8694",
        "name": "Towanda Gorczany"
    },
    {
        "id": "8695",
        "name": "Pansy Feil DVM"
    },
    {
        "id": "8696",
        "name": "Vince King II"
    },
    {
        "id": "8697",
        "name": "Traci Berge"
    },
    {
        "id": "8698",
        "name": "Julian Williamson"
    },
    {
        "id": "8699",
        "name": "Hubert Stoltenberg II"
    },
    {
        "id": "8700",
        "name": "Lanell Parisian"
    },
    {
        "id": "8704",
        "name": "Maryjo Bradtke"
    },
    {
        "id": "8706",
        "name": "Rudolph Schinner"
    },
    {
        "id": "8707",
        "name": "Erasmo Fadel DVM"
    },
    {
        "id": "8708",
        "name": "Eda Zboncak"
    },
    {
        "id": "8709",
        "name": "Wilmer Osinski"
    },
    {
        "id": "8710",
        "name": "Pierre Wunsch"
    },
    {
        "id": "8714",
        "name": "Carolynn Hayes"
    },
    {
        "id": "8716",
        "name": "Izola Senger"
    },
    {
        "id": "8718",
        "name": "Yadira Oberbrunner"
    },
    {
        "id": "8719",
        "name": "Lashay Osinski MD"
    },
    {
        "id": "8722",
        "name": "Levan"
    },
    {
        "id": "8723",
        "name": "Rupert Bergnaum"
    },
    {
        "id": "8724",
        "name": "Randa Trantow"
    },
    {
        "id": "8728",
        "name": "Jennine Dietrich"
    },
    {
        "id": "8731",
        "name": "Sergio Kautzer"
    },
    {
        "id": "8733",
        "name": "Ronnie Metz"
    },
    {
        "id": "8734",
        "name": "Ethan Schowalter"
    },
    {
        "id": "8735",
        "name": "Emanuel Keeling"
    },
    {
        "id": "8736",
        "name": "Judy Brekke"
    },
    {
        "id": "8738",
        "name": "Scott Marvin"
    },
    {
        "id": "8739",
        "name": "Johnnie Renner"
    },
    {
        "id": "8740",
        "name": "Brooks Willms"
    },
    {
        "id": "8741",
        "name": "Omar Funk"
    },
    {
        "id": "8742",
        "name": "Dianna Kiehn DDS"
    },
    {
        "id": "8743",
        "name": "Mitch Treutel"
    },
    {
        "id": "8744",
        "name": "Davida Schneider"
    },
    {
        "id": "8749",
        "name": "Season Lakin III"
    },
    {
        "id": "8750",
        "name": "Ava Dooley"
    },
    {
        "id": "8751",
        "name": "Candice Champlin"
    },
    {
        "id": "8753",
        "name": "Reinaldo Upton DDS"
    },
    {
        "id": "8754",
        "name": "Murray Kemmer PhD"
    },
    {
        "id": "8755",
        "name": "Lachelle Schumm"
    },
    {
        "id": "8756",
        "name": "Simon Funk"
    },
    {
        "id": "8757",
        "name": "Lawerence Price"
    },
    {
        "id": "8761",
        "name": "Antonio Braun DDS"
    },
    {
        "id": "8762",
        "name": "Bruno Schaden"
    },
    {
        "id": "8763",
        "name": "Dong Wilkinson"
    },
    {
        "id": "8765",
        "name": "Tyron Deckow III"
    },
    {
        "id": "8766",
        "name": "Dwayne Wiza"
    },
    {
        "id": "8767",
        "name": "Earle Rosenbaum"
    },
    {
        "id": "8768",
        "name": "Benjamin Paucek"
    },
    {
        "id": "8770",
        "name": "Zonia Streich III"
    },
    {
        "id": "8772",
        "name": "Arnulfo Willms I"
    },
    {
        "id": "8774",
        "name": "Reita Block"
    },
    {
        "id": "8776",
        "name": "Larisa Toy"
    },
    {
        "id": "8777",
        "name": "Lorenzo Strosin I"
    },
    {
        "id": "8779",
        "name": "Sidney Ziemann"
    },
    {
        "id": "8780",
        "name": "Clemente Bartell"
    },
    {
        "id": "8781",
        "name": "Dede Parker"
    },
    {
        "id": "8782",
        "name": "Tiffani Conroy"
    },
    {
        "id": "8786",
        "name": "Qiana Bahringer"
    },
    {
        "id": "8787",
        "name": "Nanci Hoeger PhD"
    },
    {
        "id": "8788",
        "name": "Lupita Goldner MD"
    },
    {
        "id": "8789",
        "name": "Boyce Littel"
    },
    {
        "id": "8790",
        "name": "Beata Erdman"
    },
    {
        "id": "8792",
        "name": "Cinda Boyer"
    },
    {
        "id": "8793",
        "name": "Manuel Beatty"
    },
    {
        "id": "8794",
        "name": "Rheba Gleason IV"
    },
    {
        "id": "8798",
        "name": "Carmon Prosacco IV"
    },
    {
        "id": "8800",
        "name": "Laurene Lakin I"
    },
    {
        "id": "8801",
        "name": "Jung Walter"
    },
    {
        "id": "8802",
        "name": "Carmelo Hansen"
    },
    {
        "id": "8804",
        "name": "Mr. Nery Kuhn"
    },
    {
        "id": "8805",
        "name": "Clotilde Macejkovic"
    },
    {
        "id": "8806",
        "name": "Leandro Kuhlman"
    },
    {
        "id": "8807",
        "name": "Willia Rolfson"
    },
    {
        "id": "8809",
        "name": "Jackie Gutkowski"
    },
    {
        "id": "8810",
        "name": "Marilou Kuphal"
    },
    {
        "id": "8811",
        "name": "Linwood Daniel"
    },
    {
        "id": "8812",
        "name": "Don Schumm"
    },
    {
        "id": "8813",
        "name": "Nohemi Murray"
    },
    {
        "id": "8814",
        "name": "Jody Haag"
    },
    {
        "id": "8815",
        "name": "Elin Beatty"
    },
    {
        "id": "8816",
        "name": "Miss Aron Vandervort"
    },
    {
        "id": "8817",
        "name": "Adah Gutkowski"
    },
    {
        "id": "8819",
        "name": "Brandy Kozey"
    },
    {
        "id": "8820",
        "name": "Dennis Rodman"
    },
    {
        "id": "8821",
        "name": "Evalyn Goyette"
    },
    {
        "id": "8823",
        "name": "Harold Herman"
    },
    {
        "id": "8825",
        "name": "Marylouise Grady"
    },
    {
        "id": "8826",
        "name": "Jae Hirthe IV"
    },
    {
        "id": "8827",
        "name": "Lanie Klocko"
    },
    {
        "id": "8828",
        "name": "Dennis Rodman"
    },
    {
        "id": "8829",
        "name": "Catheryn Schroeder"
    },
    {
        "id": "8831",
        "name": "Aaron Volkman"
    },
    {
        "id": "8832",
        "name": "Carylon Cummerata"
    },
    {
        "id": "8833",
        "name": "Reynaldo Murphy MD"
    },
    {
        "id": "8835",
        "name": "Lynne Franecki IV"
    },
    {
        "id": "8836",
        "name": "Shaniqua Lehner IV"
    },
    {
        "id": "8844",
        "name": "Sally Erdman"
    },
    {
        "id": "8845",
        "name": "Mrs. Michele Krajcik"
    },
    {
        "id": "8847",
        "name": "Shawnta Heller Sr."
    },
    {
        "id": "8848",
        "name": "jaki"
    },
    {
        "id": "8849",
        "name": "Soledad McClure"
    },
    {
        "id": "8851",
        "name": "Leslie Hettinger"
    },
    {
        "id": "8852",
        "name": "Judie Kozey"
    },
    {
        "id": "8853",
        "name": "Weston Kshlerin Jr."
    },
    {
        "id": "8854",
        "name": "Rashad Hermann"
    },
    {
        "id": "8855",
        "name": "Russell Jacobs"
    },
    {
        "id": "8856",
        "name": "Test User"
    },
    {
        "id": "8857",
        "name": "Ashlea Morissette"
    },
    {
        "id": "8858",
        "name": "Lillia McClure"
    },
    {
        "id": "8859",
        "name": "Dean Parisian"
    },
    {
        "id": "8860",
        "name": "Etta Kuhn"
    },
    {
        "id": "8861",
        "name": "Tammara Hamill"
    },
    {
        "id": "8862",
        "name": "Marco Hackett"
    },
    {
        "id": "8863",
        "name": "Shay Heidenreich"
    },
    {
        "id": "8864",
        "name": "Ja Feeney"
    },
    {
        "id": "8865",
        "name": "Gavin Farrell"
    },
    {
        "id": "8866",
        "name": "Keenan Hickle"
    },
    {
        "id": "8867",
        "name": "Lawrence Conn"
    },
    {
        "id": "8868",
        "name": "Ileen Gusikowski     "
    },
    {
        "id": "8869",
        "name": "Claude DuBuque [EDITED]     "
    },
    {
        "id": "8870",
        "name": "Galen Walsh     Natashia Brakus [EDITED]     "
    },
    {
        "id": "8871",
        "name": "Daisy Rempel"
    },
    {
        "id": "8872",
        "name": "Miss Marvin Bergstrom"
    },
    {
        "id": "8873",
        "name": "Mr. Allen Schmeler"
    },
    {
        "id": "8874",
        "name": "Marion Kutch"
    },
    {
        "id": "8875",
        "name": "Marion Lebsack"
    },
    {
        "id": "8876",
        "name": "Jaime Kunze PhD"
    },
    {
        "id": "8877",
        "name": "Sheila Ullrich Jr."
    },
    {
        "id": "8878",
        "name": "Cheryl Williamson"
    },
    {
        "id": "8879",
        "name": "Phillip Schmitt"
    },
    {
        "id": "8880",
        "name": "Desiree Torp"
    },
    {
        "id": "8881",
        "name": "Verna Baumbach"
    },
    {
        "id": "8882",
        "name": "Jared Grimes"
    },
    {
        "id": "8883",
        "name": "Marcia Doyle"
    },
    {
        "id": "8884",
        "name": "Gennie Schmeler"
    },
    {
        "id": "8885",
        "name": "Israel Marks Jr."
    },
    {
        "id": "8887",
        "name": "Matilde Marks"
    },
    {
        "id": "8888",
        "name": "Tanika Ryan"
    },
    {
        "id": "8889",
        "name": "Rima Grimes III"
    },
    {
        "id": "8890",
        "name": "Edwardo Hills IV"
    },
    {
        "id": "8891",
        "name": "Miguel Anderson"
    },
    {
        "id": "8892",
        "name": "Tisha Cartwright II"
    },
    {
        "id": "8893",
        "name": "Phuong Boyer"
    },
    {
        "id": "8894",
        "name": "Clara Jakubowski"
    },
    {
        "id": "8896",
        "name": "Miyoko Stokes"
    },
    {
        "id": "8897",
        "name": "Wyatt Fisher I"
    },
    {
        "id": "8898",
        "name": "Kesha Ratke"
    },
    {
        "id": "8900",
        "name": "Pamelia Donnelly II"
    },
    {
        "id": "8901",
        "name": "Emanuel Herman"
    },
    {
        "id": "8902",
        "name": "Kasey Buckridge"
    },
    {
        "id": "8904",
        "name": "Cedrick Koelpin"
    },
    {
        "id": "8905",
        "name": "Gerardo Shields Jr."
    },
    {
        "id": "8908",
        "name": "Jackeline Kihn"
    },
    {
        "id": "8909",
        "name": "Ceola Friesen"
    },
    {
        "id": "8911",
        "name": "Nilsa Kuvalis"
    },
    {
        "id": "8913",
        "name": "Shari Koss"
    },
    {
        "id": "8914",
        "name": "Ozzie Tromp III"
    },
    {
        "id": "8916",
        "name": "Della Gutkowski III"
    },
    {
        "id": "8917",
        "name": "Cassondra Towne"
    },
    {
        "id": "8918",
        "name": "Maryann Schamberger"
    },
    {
        "id": "8919",
        "name": "Francisco Koelpin"
    },
    {
        "id": "8920",
        "name": "Brain Grant II"
    },
    {
        "id": "8921",
        "name": "Virgilio Lind"
    },
    {
        "id": "8926",
        "name": "Jonny"
    },
    {
        "id": "8928",
        "name": "Huey Veum"
    },
    {
        "id": "8929",
        "name": "Ahmad Bilal kakar"
    },
    {
        "id": "8930",
        "name": "Kaci Skiles [EDITED]     "
    },
    {
        "id": "8932",
        "name": "Alita Senger IV"
    },
    {
        "id": "8934",
        "name": "Zack Schmidt Jr."
    },
    {
        "id": "8935",
        "name": "Angeles Toy"
    },
    {
        "id": "8936",
        "name": "Clarence DuBuque [EDITED]     "
    },
    {
        "id": "8937",
        "name": "Berry Effertz [EDITED]     "
    },
    {
        "id": "8938",
        "name": "Buster Hills     "
    },
    {
        "id": "8939",
        "name": "Sena Osinski"
    },
    {
        "id": "8940",
        "name": "Juliana Fahey"
    },
    {
        "id": "8941",
        "name": "Liza Beier"
    },
    {
        "id": "8943",
        "name": "Brant Lesch"
    },
    {
        "id": "8944",
        "name": "Evelina Kemmer"
    },
    {
        "id": "8946",
        "name": "Ernesto Weber"
    },
    {
        "id": "8947",
        "name": "Janis Mraz"
    },
    {
        "id": "8948",
        "name": "Maricruz Hermann"
    },
    {
        "id": "8949",
        "name": "Matilda Bradtke"
    },
    {
        "id": "8950",
        "name": "Roland Schuster"
    },
    {
        "id": "8953",
        "name": "Issac D'Amore V"
    },
    {
        "id": "8954",
        "name": "Rufus Price"
    },
    {
        "id": "8955",
        "name": "Dillon Mraz"
    },
    {
        "id": "8957",
        "name": "Beverley Koelpin"
    },
    {
        "id": "8958",
        "name": "Fabiola Dietrich"
    },
    {
        "id": "8960",
        "name": "Brenda Stracke"
    },
    {
        "id": "8961",
        "name": "Maryanna Yundt"
    },
    {
        "id": "8964",
        "name": "Christie Ward"
    },
    {
        "id": "8965",
        "name": "Caleb Gleason"
    },
    {
        "id": "8966",
        "name": "Ashleigh Kub"
    },
    {
        "id": "8968",
        "name": "Reta Gleason"
    },
    {
        "id": "8969",
        "name": "Clinton Treutel"
    },
    {
        "id": "8971",
        "name": "Palmer Windler"
    },
    {
        "id": "8972",
        "name": "Nicholle Skiles"
    },
    {
        "id": "8973",
        "name": "Clark Moore     "
    },
    {
        "id": "8974",
        "name": "Jacquelin Lind"
    },
    {
        "id": "8976",
        "name": "Barabara Lang"
    },
    {
        "id": "8978",
        "name": "Dorcas Jerde"
    },
    {
        "id": "8979",
        "name": "Tonie Hauck"
    },
    {
        "id": "8983",
        "name": "Annabel Schumm"
    },
    {
        "id": "8984",
        "name": "Mr. Alita Nicolas"
    },
    {
        "id": "8985",
        "name": "Ms. Yessenia Gerlach"
    },
    {
        "id": "8986",
        "name": "Mr. Kanisha Graham"
    },
    {
        "id": "8987",
        "name": "Katy Trantow"
    },
    {
        "id": "8988",
        "name": "Mrs. Scotty Borer"
    },
    {
        "id": "8989",
        "name": "Cherilyn Kunde"
    },
    {
        "id": "8990",
        "name": "Irwin Shanahan"
    },
    {
        "id": "8991",
        "name": "Elvia Cormier"
    },
    {
        "id": "8992",
        "name": "Fredricka Considine"
    },
    {
        "id": "8993",
        "name": "Gail Koch"
    },
    {
        "id": "8994",
        "name": "Gregory Jacobson"
    },
    {
        "id": "8995",
        "name": "Dr. Frederic Jast"
    },
    {
        "id": "8996",
        "name": "Billy Mann"
    },
    {
        "id": "8997",
        "name": "Bernardina Harris PhD"
    },
    {
        "id": "8998",
        "name": "Mike Roads"
    },
    {
        "id": "8999",
        "name": "Mike Moads"
    }
]
]]></system-out>
    <system-err><![CDATA[Starting ChromeDriver 114.0.5735.90 (386bc09e8f4f2e025eddae123f36f6263096ae49-refs/branch-heads/5735@{#1052}) on port 37936
Only local connections are allowed.
Please see https://chromedriver.chromium.org/security-considerations for suggestions on keeping ChromeDriver safe.
ChromeDriver was started successfully.
[1690731134.546][WARNING]: This version of ChromeDriver has not been tested with Chrome version 115.
Jul 30, 2023 11:32:16 AM org.openqa.selenium.remote.ProtocolHandshake createSession
INFO: Detected dialect: W3C
]]></system-err>
  </testcase>
</testsuite>